                              1 ;--------------------------------------------------------
                              2 ; File Created by SDCC : free open source ANSI-C Compiler
                              3 ; Version 3.6.0 #9615 (Linux)
                              4 ;--------------------------------------------------------
                              5 	.module main
                              6 	.optsdcc -mgbz80
                              7 	
                              8 ;--------------------------------------------------------
                              9 ; Public variables in this module
                             10 ;--------------------------------------------------------
                             11 	.globl _main
                             12 	.globl _move_sprite
                             13 	.globl _set_sprite_prop
                             14 	.globl _set_sprite_tile
                             15 	.globl _set_sprite_data
                             16 	.globl _set_sprite_palette
                             17 	.globl _set_bkg_palette
                             18 	.globl _spritepalette
                             19 	.globl _backgroundpalette
                             20 ;--------------------------------------------------------
                             21 ; ram data
                             22 ;--------------------------------------------------------
                             23 	.area _DATA
                             24 ;--------------------------------------------------------
                             25 ; absolute external ram data
                             26 ;--------------------------------------------------------
                             27 	.area _DABS (ABS)
                             28 ;--------------------------------------------------------
                             29 ; global & static initialisations
                             30 ;--------------------------------------------------------
                             31 	.area _HOME
                             32 	.area _GSINIT
                             33 	.area _GSFINAL
                             34 	.area _GSINIT
                             35 ;--------------------------------------------------------
                             36 ; Home
                             37 ;--------------------------------------------------------
                             38 	.area _HOME
                             39 	.area _HOME
                             40 ;--------------------------------------------------------
                             41 ; code
                             42 ;--------------------------------------------------------
                             43 	.area _CODE
                             44 ;main.c:27: void main(){
                             45 ;	---------------------------------
                             46 ; Function main
                             47 ; ---------------------------------
   0000                      48 _main::
                             49 ;main.c:29: SPRITES_8x16;
   0000 11 40 FF             50 	ld	de,#0xff40
   0003 1A                   51 	ld	a,(de)
   0004 4F                   52 	ld	c,a
   0005 06 00                53 	ld	b,#0x00
   0007 79                   54 	ld	a,c
   0008 CB D7                55 	set	2, a
   000A 4F                   56 	ld	c,a
   000B 21 40 FF             57 	ld	hl,#0xff40
   000E 71                   58 	ld	(hl),c
                             59 ;main.c:31: set_bkg_palette(0,1,&backgroundpalette[0]);
   000F 21rB0r00             60 	ld	hl,#_backgroundpalette
   0012 E5                   61 	push	hl
   0013 21 00 01             62 	ld	hl,#0x0100
   0016 E5                   63 	push	hl
   0017 CDr00r00             64 	call	_set_bkg_palette
   001A E8 04                65 	add	sp, #4
                             66 ;main.c:33: set_sprite_palette(0,3,&spritepalette[0]);
   001C 21rB8r00             67 	ld	hl,#_spritepalette
   001F E5                   68 	push	hl
   0020 21 00 03             69 	ld	hl,#0x0300
   0023 E5                   70 	push	hl
   0024 CDr00r00             71 	call	_set_sprite_palette
   0027 E8 04                72 	add	sp, #4
                             73 ;main.c:35: set_sprite_data(0, 6, sprites);
   0029 21r00r00             74 	ld	hl,#_sprites
   002C E5                   75 	push	hl
   002D 21 00 06             76 	ld	hl,#0x0600
   0030 E5                   77 	push	hl
   0031 CDr00r00             78 	call	_set_sprite_data
   0034 E8 04                79 	add	sp, #4
                             80 ;main.c:37: set_sprite_tile(0, 0);
   0036 21 00 00             81 	ld	hl,#0x0000
   0039 E5                   82 	push	hl
   003A CDr00r00             83 	call	_set_sprite_tile
   003D E8 02                84 	add	sp, #2
                             85 ;main.c:38: set_sprite_prop(0,0);
   003F 21 00 00             86 	ld	hl,#0x0000
   0042 E5                   87 	push	hl
   0043 CDr00r00             88 	call	_set_sprite_prop
   0046 E8 02                89 	add	sp, #2
                             90 ;main.c:39: move_sprite(0, 20, 78);
   0048 21 14 4E             91 	ld	hl,#0x4e14
   004B E5                   92 	push	hl
   004C AF                   93 	xor	a, a
   004D F5                   94 	push	af
   004E 33                   95 	inc	sp
   004F CDr00r00             96 	call	_move_sprite
   0052 E8 03                97 	add	sp, #3
                             98 ;main.c:41: set_sprite_tile(1, 2);
   0054 21 01 02             99 	ld	hl,#0x0201
   0057 E5                  100 	push	hl
   0058 CDr00r00            101 	call	_set_sprite_tile
   005B E8 02               102 	add	sp, #2
                            103 ;main.c:42: set_sprite_prop(1,1);
   005D 21 01 01            104 	ld	hl,#0x0101
   0060 E5                  105 	push	hl
   0061 CDr00r00            106 	call	_set_sprite_prop
   0064 E8 02               107 	add	sp, #2
                            108 ;main.c:43: move_sprite(1, 80, 78);
   0066 21 50 4E            109 	ld	hl,#0x4e50
   0069 E5                  110 	push	hl
   006A 3E 01               111 	ld	a,#0x01
   006C F5                  112 	push	af
   006D 33                  113 	inc	sp
   006E CDr00r00            114 	call	_move_sprite
   0071 E8 03               115 	add	sp, #3
                            116 ;main.c:45: set_sprite_tile(2, 4);
   0073 21 02 04            117 	ld	hl,#0x0402
   0076 E5                  118 	push	hl
   0077 CDr00r00            119 	call	_set_sprite_tile
   007A E8 02               120 	add	sp, #2
                            121 ;main.c:46: set_sprite_prop(2,2);
   007C 21 02 02            122 	ld	hl,#0x0202
   007F E5                  123 	push	hl
   0080 CDr00r00            124 	call	_set_sprite_prop
   0083 E8 02               125 	add	sp, #2
                            126 ;main.c:47: move_sprite(2, 140, 78);
   0085 21 8C 4E            127 	ld	hl,#0x4e8c
   0088 E5                  128 	push	hl
   0089 3E 02               129 	ld	a,#0x02
   008B F5                  130 	push	af
   008C 33                  131 	inc	sp
   008D CDr00r00            132 	call	_move_sprite
   0090 E8 03               133 	add	sp, #3
                            134 ;main.c:49: SHOW_SPRITES;
   0092 11 40 FF            135 	ld	de,#0xff40
   0095 1A                  136 	ld	a,(de)
   0096 4F                  137 	ld	c,a
   0097 06 00               138 	ld	b,#0x00
   0099 79                  139 	ld	a,c
   009A CB CF               140 	set	1, a
   009C 4F                  141 	ld	c,a
   009D 21 40 FF            142 	ld	hl,#0xff40
   00A0 71                  143 	ld	(hl),c
                            144 ;main.c:50: SHOW_BKG;
   00A1 11 40 FF            145 	ld	de,#0xff40
   00A4 1A                  146 	ld	a,(de)
   00A5 4F                  147 	ld	c,a
   00A6 06 00               148 	ld	b,#0x00
   00A8 79                  149 	ld	a,c
   00A9 CB C7               150 	set	0, a
   00AB 4F                  151 	ld	c,a
   00AC 2E 40               152 	ld	l, #0x40
   00AE 71                  153 	ld	(hl),c
   00AF C9                  154 	ret
   00B0                     155 _backgroundpalette:
   00B0 4A 29               156 	.dw #0x294a
   00B2 4A 29               157 	.dw #0x294a
   00B4 4A 29               158 	.dw #0x294a
   00B6 4A 29               159 	.dw #0x294a
   00B8                     160 _spritepalette:
   00B8 FF 7F               161 	.dw #0x7fff
   00BA 00 00               162 	.dw #0x0000
   00BC E7 22               163 	.dw #0x22e7
   00BE D5 7C               164 	.dw #0x7cd5
   00C0 36 7D               165 	.dw #0x7d36
   00C2 FF 7F               166 	.dw #0x7fff
   00C4 00 00               167 	.dw #0x0000
   00C6 9E 43               168 	.dw #0x439e
   00C8 36 7D               169 	.dw #0x7d36
   00CA C6 18               170 	.dw #0x18c6
   00CC 9E 43               171 	.dw #0x439e
   00CE 03 74               172 	.dw #0x7403
                            173 	.area _CODE
                            174 	.area _CABS (ABS)
