                              1 ;--------------------------------------------------------
                              2 ; File Created by SDCC : free open source ANSI-C Compiler
                              3 ; Version 3.6.0 #9615 (Linux)
                              4 ;--------------------------------------------------------
                              5 	.module sprites
                              6 	.optsdcc -mgbz80
                              7 	
                              8 ;--------------------------------------------------------
                              9 ; Public variables in this module
                             10 ;--------------------------------------------------------
                             11 	.globl _sprites
                             12 	.globl _spritesCGB
                             13 ;--------------------------------------------------------
                             14 ; ram data
                             15 ;--------------------------------------------------------
                             16 	.area _DATA
   0000                      17 _spritesCGB::
   0000                      18 	.ds 3
   0003                      19 _sprites::
   0003                      20 	.ds 96
                             21 ;--------------------------------------------------------
                             22 ; absolute external ram data
                             23 ;--------------------------------------------------------
                             24 	.area _DABS (ABS)
                             25 ;--------------------------------------------------------
                             26 ; global & static initialisations
                             27 ;--------------------------------------------------------
                             28 	.area _HOME
                             29 	.area _GSINIT
                             30 	.area _GSFINAL
                             31 	.area _GSINIT
                             32 ;sprites.c:26: unsigned char spritesCGB[] =
   0000 21r00r00             33 	ld	hl,#_spritesCGB
   0003 36 00                34 	ld	(hl),#0x00
   0005 21r01r00             35 	ld	hl,#(_spritesCGB + 0x0001)
   0008 36 01                36 	ld	(hl),#0x01
   000A 21r02r00             37 	ld	hl,#(_spritesCGB + 0x0002)
   000D 36 02                38 	ld	(hl),#0x02
                             39 ;sprites.c:31: unsigned char sprites[] =
   000F 21r03r00             40 	ld	hl,#_sprites
   0012 36 0C                41 	ld	(hl),#0x0c
   0014 21r04r00             42 	ld	hl,#(_sprites + 0x0001)
   0017 36 0C                43 	ld	(hl),#0x0c
   0019 21r05r00             44 	ld	hl,#(_sprites + 0x0002)
   001C 36 38                45 	ld	(hl),#0x38
   001E 21r06r00             46 	ld	hl,#(_sprites + 0x0003)
   0021 36 18                47 	ld	(hl),#0x18
   0023 21r07r00             48 	ld	hl,#(_sprites + 0x0004)
   0026 36 18                49 	ld	(hl),#0x18
   0028 21r08r00             50 	ld	hl,#(_sprites + 0x0005)
   002B 36 00                51 	ld	(hl),#0x00
   002D 21r09r00             52 	ld	hl,#(_sprites + 0x0006)
   0030 36 28                53 	ld	(hl),#0x28
   0032 21r0Ar00             54 	ld	hl,#(_sprites + 0x0007)
   0035 36 38                55 	ld	(hl),#0x38
   0037 21r0Br00             56 	ld	hl,#(_sprites + 0x0008)
   003A 36 38                57 	ld	(hl),#0x38
   003C 21r0Cr00             58 	ld	hl,#(_sprites + 0x0009)
   003F 36 38                59 	ld	(hl),#0x38
   0041 21r0Dr00             60 	ld	hl,#(_sprites + 0x000a)
   0044 36 6C                61 	ld	(hl),#0x6c
   0046 21r0Er00             62 	ld	hl,#(_sprites + 0x000b)
   0049 36 7C                63 	ld	(hl),#0x7c
   004B 21r0Fr00             64 	ld	hl,#(_sprites + 0x000c)
   004E 36 46                65 	ld	(hl),#0x46
   0050 21r10r00             66 	ld	hl,#(_sprites + 0x000d)
   0053 36 6E                67 	ld	(hl),#0x6e
   0055 21r11r00             68 	ld	hl,#(_sprites + 0x000e)
   0058 36 C7                69 	ld	(hl),#0xc7
   005A 21r12r00             70 	ld	hl,#(_sprites + 0x000f)
   005D 36 FF                71 	ld	(hl),#0xff
   005F 21r13r00             72 	ld	hl,#(_sprites + 0x0010)
   0062 36 FE                73 	ld	(hl),#0xfe
   0064 21r14r00             74 	ld	hl,#(_sprites + 0x0011)
   0067 36 FE                75 	ld	(hl),#0xfe
   0069 21r15r00             76 	ld	hl,#(_sprites + 0x0012)
   006C 36 C6                77 	ld	(hl),#0xc6
   006E 21r16r00             78 	ld	hl,#(_sprites + 0x0013)
   0071 36 FE                79 	ld	(hl),#0xfe
   0073 21r17r00             80 	ld	hl,#(_sprites + 0x0014)
   0076 36 C6                81 	ld	(hl),#0xc6
   0078 21r18r00             82 	ld	hl,#(_sprites + 0x0015)
   007B 36 FE                83 	ld	(hl),#0xfe
   007D 21r19r00             84 	ld	hl,#(_sprites + 0x0016)
   0080 36 C6                85 	ld	(hl),#0xc6
   0082 21r1Ar00             86 	ld	hl,#(_sprites + 0x0017)
   0085 36 FE                87 	ld	(hl),#0xfe
   0087 21r1Br00             88 	ld	hl,#(_sprites + 0x0018)
   008A 36 C7                89 	ld	(hl),#0xc7
   008C 21r1Cr00             90 	ld	hl,#(_sprites + 0x0019)
   008F 36 FF                91 	ld	(hl),#0xff
   0091 21r1Dr00             92 	ld	hl,#(_sprites + 0x001a)
   0094 36 7E                93 	ld	(hl),#0x7e
   0096 21r1Er00             94 	ld	hl,#(_sprites + 0x001b)
   0099 36 FF                95 	ld	(hl),#0xff
   009B 21r1Fr00             96 	ld	hl,#(_sprites + 0x001c)
   009E 36 00                97 	ld	(hl),#0x00
   00A0 21r20r00             98 	ld	hl,#(_sprites + 0x001d)
   00A3 36 7E                99 	ld	(hl),#0x7e
   00A5 21r21r00            100 	ld	hl,#(_sprites + 0x001e)
   00A8 36 00               101 	ld	(hl),#0x00
   00AA 21r22r00            102 	ld	hl,#(_sprites + 0x001f)
   00AD 36 00               103 	ld	(hl),#0x00
   00AF 21r23r00            104 	ld	hl,#(_sprites + 0x0020)
   00B2 36 07               105 	ld	(hl),#0x07
   00B4 21r24r00            106 	ld	hl,#(_sprites + 0x0021)
   00B7 36 00               107 	ld	(hl),#0x00
   00B9 21r25r00            108 	ld	hl,#(_sprites + 0x0022)
   00BC 36 1F               109 	ld	(hl),#0x1f
   00BE 21r26r00            110 	ld	hl,#(_sprites + 0x0023)
   00C1 36 18               111 	ld	(hl),#0x18
   00C3 21r27r00            112 	ld	hl,#(_sprites + 0x0024)
   00C6 36 07               113 	ld	(hl),#0x07
   00C8 21r28r00            114 	ld	hl,#(_sprites + 0x0025)
   00CB 36 38               115 	ld	(hl),#0x38
   00CD 21r29r00            116 	ld	hl,#(_sprites + 0x0026)
   00D0 36 FE               117 	ld	(hl),#0xfe
   00D2 21r2Ar00            118 	ld	hl,#(_sprites + 0x0027)
   00D5 36 FE               119 	ld	(hl),#0xfe
   00D7 21r2Br00            120 	ld	hl,#(_sprites + 0x0028)
   00DA 36 9A               121 	ld	(hl),#0x9a
   00DC 21r2Cr00            122 	ld	hl,#(_sprites + 0x0029)
   00DF 36 E4               123 	ld	(hl),#0xe4
   00E1 21r2Dr00            124 	ld	hl,#(_sprites + 0x002a)
   00E4 36 FE               125 	ld	(hl),#0xfe
   00E6 21r2Er00            126 	ld	hl,#(_sprites + 0x002b)
   00E9 36 E6               127 	ld	(hl),#0xe6
   00EB 21r2Fr00            128 	ld	hl,#(_sprites + 0x002c)
   00EE 36 7E               129 	ld	(hl),#0x7e
   00F0 21r30r00            130 	ld	hl,#(_sprites + 0x002d)
   00F3 36 7E               131 	ld	(hl),#0x7e
   00F5 21r31r00            132 	ld	hl,#(_sprites + 0x002e)
   00F8 36 1C               133 	ld	(hl),#0x1c
   00FA 21r32r00            134 	ld	hl,#(_sprites + 0x002f)
   00FD 36 10               135 	ld	(hl),#0x10
   00FF 21r33r00            136 	ld	hl,#(_sprites + 0x0030)
   0102 36 0E               137 	ld	(hl),#0x0e
   0104 21r34r00            138 	ld	hl,#(_sprites + 0x0031)
   0107 36 0E               139 	ld	(hl),#0x0e
   0109 21r35r00            140 	ld	hl,#(_sprites + 0x0032)
   010C 36 1C               141 	ld	(hl),#0x1c
   010E 21r36r00            142 	ld	hl,#(_sprites + 0x0033)
   0111 36 04               143 	ld	(hl),#0x04
   0113 21r37r00            144 	ld	hl,#(_sprites + 0x0034)
   0116 36 3E               145 	ld	(hl),#0x3e
   0118 21r38r00            146 	ld	hl,#(_sprites + 0x0035)
   011B 36 00               147 	ld	(hl),#0x00
   011D 21r39r00            148 	ld	hl,#(_sprites + 0x0036)
   0120 36 3F               149 	ld	(hl),#0x3f
   0122 21r3Ar00            150 	ld	hl,#(_sprites + 0x0037)
   0125 36 00               151 	ld	(hl),#0x00
   0127 21r3Br00            152 	ld	hl,#(_sprites + 0x0038)
   012A 36 3F               153 	ld	(hl),#0x3f
   012C 21r3Cr00            154 	ld	hl,#(_sprites + 0x0039)
   012F 36 00               155 	ld	(hl),#0x00
   0131 21r3Dr00            156 	ld	hl,#(_sprites + 0x003a)
   0134 36 3F               157 	ld	(hl),#0x3f
   0136 21r3Er00            158 	ld	hl,#(_sprites + 0x003b)
   0139 36 21               159 	ld	(hl),#0x21
   013B 21r3Fr00            160 	ld	hl,#(_sprites + 0x003c)
   013E 36 00               161 	ld	(hl),#0x00
   0140 21r40r00            162 	ld	hl,#(_sprites + 0x003d)
   0143 36 0C               163 	ld	(hl),#0x0c
   0145 21r41r00            164 	ld	hl,#(_sprites + 0x003e)
   0148 36 00               165 	ld	(hl),#0x00
   014A 21r42r00            166 	ld	hl,#(_sprites + 0x003f)
   014D 36 1E               167 	ld	(hl),#0x1e
   014F 21r43r00            168 	ld	hl,#(_sprites + 0x0040)
   0152 36 1C               169 	ld	(hl),#0x1c
   0154 21r44r00            170 	ld	hl,#(_sprites + 0x0041)
   0157 36 1C               171 	ld	(hl),#0x1c
   0159 21r45r00            172 	ld	hl,#(_sprites + 0x0042)
   015C 36 3E               173 	ld	(hl),#0x3e
   015E 21r46r00            174 	ld	hl,#(_sprites + 0x0043)
   0161 36 1E               175 	ld	(hl),#0x1e
   0163 21r47r00            176 	ld	hl,#(_sprites + 0x0044)
   0166 36 7F               177 	ld	(hl),#0x7f
   0168 21r48r00            178 	ld	hl,#(_sprites + 0x0045)
   016B 36 00               179 	ld	(hl),#0x00
   016D 21r49r00            180 	ld	hl,#(_sprites + 0x0046)
   0170 36 66               181 	ld	(hl),#0x66
   0172 21r4Ar00            182 	ld	hl,#(_sprites + 0x0047)
   0175 36 18               183 	ld	(hl),#0x18
   0177 21r4Br00            184 	ld	hl,#(_sprites + 0x0048)
   017A 36 C3               185 	ld	(hl),#0xc3
   017C 21r4Cr00            186 	ld	hl,#(_sprites + 0x0049)
   017F 36 3C               187 	ld	(hl),#0x3c
   0181 21r4Dr00            188 	ld	hl,#(_sprites + 0x004a)
   0184 36 C3               189 	ld	(hl),#0xc3
   0186 21r4Er00            190 	ld	hl,#(_sprites + 0x004b)
   0189 36 24               191 	ld	(hl),#0x24
   018B 21r4Fr00            192 	ld	hl,#(_sprites + 0x004c)
   018E 36 A5               193 	ld	(hl),#0xa5
   0190 21r50r00            194 	ld	hl,#(_sprites + 0x004d)
   0193 36 18               195 	ld	(hl),#0x18
   0195 21r51r00            196 	ld	hl,#(_sprites + 0x004e)
   0198 36 7E               197 	ld	(hl),#0x7e
   019A 21r52r00            198 	ld	hl,#(_sprites + 0x004f)
   019D 36 00               199 	ld	(hl),#0x00
   019F 21r53r00            200 	ld	hl,#(_sprites + 0x0050)
   01A2 36 FF               201 	ld	(hl),#0xff
   01A4 21r54r00            202 	ld	hl,#(_sprites + 0x0051)
   01A7 36 00               203 	ld	(hl),#0x00
   01A9 21r55r00            204 	ld	hl,#(_sprites + 0x0052)
   01AC 36 FF               205 	ld	(hl),#0xff
   01AE 21r56r00            206 	ld	hl,#(_sprites + 0x0053)
   01B1 36 00               207 	ld	(hl),#0x00
   01B3 21r57r00            208 	ld	hl,#(_sprites + 0x0054)
   01B6 36 7E               209 	ld	(hl),#0x7e
   01B8 21r58r00            210 	ld	hl,#(_sprites + 0x0055)
   01BB 36 81               211 	ld	(hl),#0x81
   01BD 21r59r00            212 	ld	hl,#(_sprites + 0x0056)
   01C0 36 42               213 	ld	(hl),#0x42
   01C2 21r5Ar00            214 	ld	hl,#(_sprites + 0x0057)
   01C5 36 BD               215 	ld	(hl),#0xbd
   01C7 21r5Br00            216 	ld	hl,#(_sprites + 0x0058)
   01CA 36 FF               217 	ld	(hl),#0xff
   01CC 21r5Cr00            218 	ld	hl,#(_sprites + 0x0059)
   01CF 36 FF               219 	ld	(hl),#0xff
   01D1 21r5Dr00            220 	ld	hl,#(_sprites + 0x005a)
   01D4 36 7E               221 	ld	(hl),#0x7e
   01D6 21r5Er00            222 	ld	hl,#(_sprites + 0x005b)
   01D9 36 7E               223 	ld	(hl),#0x7e
   01DB 21r5Fr00            224 	ld	hl,#(_sprites + 0x005c)
   01DE 36 3C               225 	ld	(hl),#0x3c
   01E0 21r60r00            226 	ld	hl,#(_sprites + 0x005d)
   01E3 36 3C               227 	ld	(hl),#0x3c
   01E5 21r61r00            228 	ld	hl,#(_sprites + 0x005e)
   01E8 36 66               229 	ld	(hl),#0x66
   01EA 21r62r00            230 	ld	hl,#(_sprites + 0x005f)
   01ED 36 00               231 	ld	(hl),#0x00
                            232 ;--------------------------------------------------------
                            233 ; Home
                            234 ;--------------------------------------------------------
                            235 	.area _HOME
                            236 	.area _HOME
                            237 ;--------------------------------------------------------
                            238 ; code
                            239 ;--------------------------------------------------------
                            240 	.area _CODE
                            241 	.area _CODE
                            242 	.area _CABS (ABS)
