                              1 ;--------------------------------------------------------
                              2 ; File Created by SDCC : free open source ANSI-C Compiler
                              3 ; Version 3.6.0 #9615 (Linux)
                              4 ;--------------------------------------------------------
                              5 	.module main
                              6 	.optsdcc -mgbz80
                              7 	
                              8 ;--------------------------------------------------------
                              9 ; Public variables in this module
                             10 ;--------------------------------------------------------
                             11 	.globl _main
                             12 	.globl _joypad
                             13 	.globl _delay
                             14 ;--------------------------------------------------------
                             15 ; ram data
                             16 ;--------------------------------------------------------
                             17 	.area _DATA
                             18 ;--------------------------------------------------------
                             19 ; absolute external ram data
                             20 ;--------------------------------------------------------
                             21 	.area _DABS (ABS)
                             22 ;--------------------------------------------------------
                             23 ; global & static initialisations
                             24 ;--------------------------------------------------------
                             25 	.area _HOME
                             26 	.area _GSINIT
                             27 	.area _GSFINAL
                             28 	.area _GSINIT
                             29 ;--------------------------------------------------------
                             30 ; Home
                             31 ;--------------------------------------------------------
                             32 	.area _HOME
                             33 	.area _HOME
                             34 ;--------------------------------------------------------
                             35 ; code
                             36 ;--------------------------------------------------------
                             37 	.area _CODE
                             38 ;main.c:4: void main(){
                             39 ;	---------------------------------
                             40 ; Function main
                             41 ; ---------------------------------
   0000                      42 _main::
                             43 ;main.c:6: NR52_REG = 0x80;
   0000 21 26 FF             44 	ld	hl,#0xff26
   0003 36 80                45 	ld	(hl),#0x80
                             46 ;main.c:7: NR50_REG = 0x77;
   0005 2E 24                47 	ld	l, #0x24
   0007 36 77                48 	ld	(hl),#0x77
                             49 ;main.c:8: NR51_REG = 0xFF;
   0009 2E 25                50 	ld	l, #0x25
   000B 36 FF                51 	ld	(hl),#0xff
                             52 ;main.c:10: while(1){
   000D                      53 00104$:
                             54 ;main.c:11: UBYTE joypad_state = joypad();
   000D CDr00r00             55 	call	_joypad
                             56 ;main.c:13: if(joypad_state){ 
   0010 7B                   57 	ld	a,e
   0011 B7                   58 	or	a, a
   0012 28 F9                59 	jr	Z,00104$
                             60 ;main.c:14: NR41_REG = 0x1f;
   0014 21 20 FF             61 	ld	hl,#0xff20
   0017 36 1F                62 	ld	(hl),#0x1f
                             63 ;main.c:15: NR42_REG = 0xf1;
   0019 2E 21                64 	ld	l, #0x21
   001B 36 F1                65 	ld	(hl),#0xf1
                             66 ;main.c:16: NR43_REG = 0x30;
   001D 2E 22                67 	ld	l, #0x22
   001F 36 30                68 	ld	(hl),#0x30
                             69 ;main.c:17: NR44_REG = 0xc0;
   0021 2E 23                70 	ld	l, #0x23
   0023 36 C0                71 	ld	(hl),#0xc0
                             72 ;main.c:19: delay(100);
   0025 21 64 00             73 	ld	hl,#0x0064
   0028 E5                   74 	push	hl
   0029 CDr00r00             75 	call	_delay
   002C E8 02                76 	add	sp, #2
   002E 18 DD                77 	jr	00104$
   0030 C9                   78 	ret
                             79 	.area _CODE
                             80 	.area _CABS (ABS)
