                              1 ;--------------------------------------------------------
                              2 ; File Created by SDCC : free open source ANSI-C Compiler
                              3 ; Version 3.6.0 #9615 (Linux)
                              4 ;--------------------------------------------------------
                              5 	.module main
                              6 	.optsdcc -mgbz80
                              7 	
                              8 ;--------------------------------------------------------
                              9 ; Public variables in this module
                             10 ;--------------------------------------------------------
                             11 	.globl _main
                             12 	.globl _performantDelay
                             13 	.globl _move_sprite
                             14 	.globl _set_sprite_prop
                             15 	.globl _set_sprite_tile
                             16 	.globl _set_sprite_data
                             17 	.globl _set_bkg_tiles
                             18 	.globl _set_bkg_data
                             19 	.globl _wait_vbl_done
                             20 	.globl _levelMap
                             21 	.globl _levelTile
                             22 	.globl _playerSprite
                             23 ;--------------------------------------------------------
                             24 ; ram data
                             25 ;--------------------------------------------------------
                             26 	.area _DATA
   0000                      27 _playerSprite::
   0000                      28 	.ds 32
   0020                      29 _levelTile::
   0020                      30 	.ds 48
   0050                      31 _levelMap::
   0050                      32 	.ds 360
                             33 ;--------------------------------------------------------
                             34 ; absolute external ram data
                             35 ;--------------------------------------------------------
                             36 	.area _DABS (ABS)
                             37 ;--------------------------------------------------------
                             38 ; global & static initialisations
                             39 ;--------------------------------------------------------
                             40 	.area _HOME
                             41 	.area _GSINIT
                             42 	.area _GSFINAL
                             43 	.area _GSINIT
                             44 ;playerSprite.c:26: unsigned char playerSprite[] =
   0000 21r00r00             45 	ld	hl,#_playerSprite
   0003 36 00                46 	ld	(hl),#0x00
   0005 21r01r00             47 	ld	hl,#(_playerSprite + 0x0001)
   0008 36 00                48 	ld	(hl),#0x00
   000A 21r02r00             49 	ld	hl,#(_playerSprite + 0x0002)
   000D 36 00                50 	ld	(hl),#0x00
   000F 21r03r00             51 	ld	hl,#(_playerSprite + 0x0003)
   0012 36 00                52 	ld	(hl),#0x00
   0014 21r04r00             53 	ld	hl,#(_playerSprite + 0x0004)
   0017 36 00                54 	ld	(hl),#0x00
   0019 21r05r00             55 	ld	hl,#(_playerSprite + 0x0005)
   001C 36 00                56 	ld	(hl),#0x00
   001E 21r06r00             57 	ld	hl,#(_playerSprite + 0x0006)
   0021 36 00                58 	ld	(hl),#0x00
   0023 21r07r00             59 	ld	hl,#(_playerSprite + 0x0007)
   0026 36 00                60 	ld	(hl),#0x00
   0028 21r08r00             61 	ld	hl,#(_playerSprite + 0x0008)
   002B 36 00                62 	ld	(hl),#0x00
   002D 21r09r00             63 	ld	hl,#(_playerSprite + 0x0009)
   0030 36 00                64 	ld	(hl),#0x00
   0032 21r0Ar00             65 	ld	hl,#(_playerSprite + 0x000a)
   0035 36 00                66 	ld	(hl),#0x00
   0037 21r0Br00             67 	ld	hl,#(_playerSprite + 0x000b)
   003A 36 00                68 	ld	(hl),#0x00
   003C 21r0Cr00             69 	ld	hl,#(_playerSprite + 0x000c)
   003F 36 00                70 	ld	(hl),#0x00
   0041 21r0Dr00             71 	ld	hl,#(_playerSprite + 0x000d)
   0044 36 00                72 	ld	(hl),#0x00
   0046 21r0Er00             73 	ld	hl,#(_playerSprite + 0x000e)
   0049 36 00                74 	ld	(hl),#0x00
   004B 21r0Fr00             75 	ld	hl,#(_playerSprite + 0x000f)
   004E 36 00                76 	ld	(hl),#0x00
   0050 21r10r00             77 	ld	hl,#(_playerSprite + 0x0010)
   0053 36 08                78 	ld	(hl),#0x08
   0055 21r11r00             79 	ld	hl,#(_playerSprite + 0x0011)
   0058 36 08                80 	ld	(hl),#0x08
   005A 21r12r00             81 	ld	hl,#(_playerSprite + 0x0012)
   005D 36 0C                82 	ld	(hl),#0x0c
   005F 21r13r00             83 	ld	hl,#(_playerSprite + 0x0013)
   0062 36 0C                84 	ld	(hl),#0x0c
   0064 21r14r00             85 	ld	hl,#(_playerSprite + 0x0014)
   0067 36 0E                86 	ld	(hl),#0x0e
   0069 21r15r00             87 	ld	hl,#(_playerSprite + 0x0015)
   006C 36 0E                88 	ld	(hl),#0x0e
   006E 21r16r00             89 	ld	hl,#(_playerSprite + 0x0016)
   0071 36 FF                90 	ld	(hl),#0xff
   0073 21r17r00             91 	ld	hl,#(_playerSprite + 0x0017)
   0076 36 FF                92 	ld	(hl),#0xff
   0078 21r18r00             93 	ld	hl,#(_playerSprite + 0x0018)
   007B 36 FF                94 	ld	(hl),#0xff
   007D 21r19r00             95 	ld	hl,#(_playerSprite + 0x0019)
   0080 36 FF                96 	ld	(hl),#0xff
   0082 21r1Ar00             97 	ld	hl,#(_playerSprite + 0x001a)
   0085 36 0E                98 	ld	(hl),#0x0e
   0087 21r1Br00             99 	ld	hl,#(_playerSprite + 0x001b)
   008A 36 0E               100 	ld	(hl),#0x0e
   008C 21r1Cr00            101 	ld	hl,#(_playerSprite + 0x001c)
   008F 36 0C               102 	ld	(hl),#0x0c
   0091 21r1Dr00            103 	ld	hl,#(_playerSprite + 0x001d)
   0094 36 0C               104 	ld	(hl),#0x0c
   0096 21r1Er00            105 	ld	hl,#(_playerSprite + 0x001e)
   0099 36 08               106 	ld	(hl),#0x08
   009B 21r1Fr00            107 	ld	hl,#(_playerSprite + 0x001f)
   009E 36 08               108 	ld	(hl),#0x08
                            109 ;levelTile.c:26: unsigned char levelTile[] =
   00A0 21r20r00            110 	ld	hl,#_levelTile
   00A3 36 00               111 	ld	(hl),#0x00
   00A5 21r21r00            112 	ld	hl,#(_levelTile + 0x0001)
   00A8 36 00               113 	ld	(hl),#0x00
   00AA 21r22r00            114 	ld	hl,#(_levelTile + 0x0002)
   00AD 36 00               115 	ld	(hl),#0x00
   00AF 21r23r00            116 	ld	hl,#(_levelTile + 0x0003)
   00B2 36 00               117 	ld	(hl),#0x00
   00B4 21r24r00            118 	ld	hl,#(_levelTile + 0x0004)
   00B7 36 00               119 	ld	(hl),#0x00
   00B9 21r25r00            120 	ld	hl,#(_levelTile + 0x0005)
   00BC 36 00               121 	ld	(hl),#0x00
   00BE 21r26r00            122 	ld	hl,#(_levelTile + 0x0006)
   00C1 36 00               123 	ld	(hl),#0x00
   00C3 21r27r00            124 	ld	hl,#(_levelTile + 0x0007)
   00C6 36 00               125 	ld	(hl),#0x00
   00C8 21r28r00            126 	ld	hl,#(_levelTile + 0x0008)
   00CB 36 00               127 	ld	(hl),#0x00
   00CD 21r29r00            128 	ld	hl,#(_levelTile + 0x0009)
   00D0 36 00               129 	ld	(hl),#0x00
   00D2 21r2Ar00            130 	ld	hl,#(_levelTile + 0x000a)
   00D5 36 00               131 	ld	(hl),#0x00
   00D7 21r2Br00            132 	ld	hl,#(_levelTile + 0x000b)
   00DA 36 00               133 	ld	(hl),#0x00
   00DC 21r2Cr00            134 	ld	hl,#(_levelTile + 0x000c)
   00DF 36 00               135 	ld	(hl),#0x00
   00E1 21r2Dr00            136 	ld	hl,#(_levelTile + 0x000d)
   00E4 36 00               137 	ld	(hl),#0x00
   00E6 21r2Er00            138 	ld	hl,#(_levelTile + 0x000e)
   00E9 36 00               139 	ld	(hl),#0x00
   00EB 21r2Fr00            140 	ld	hl,#(_levelTile + 0x000f)
   00EE 36 00               141 	ld	(hl),#0x00
   00F0 21r30r00            142 	ld	hl,#(_levelTile + 0x0010)
   00F3 36 00               143 	ld	(hl),#0x00
   00F5 21r31r00            144 	ld	hl,#(_levelTile + 0x0011)
   00F8 36 81               145 	ld	(hl),#0x81
   00FA 21r32r00            146 	ld	hl,#(_levelTile + 0x0012)
   00FD 36 00               147 	ld	(hl),#0x00
   00FF 21r33r00            148 	ld	hl,#(_levelTile + 0x0013)
   0102 36 81               149 	ld	(hl),#0x81
   0104 21r34r00            150 	ld	hl,#(_levelTile + 0x0014)
   0107 36 00               151 	ld	(hl),#0x00
   0109 21r35r00            152 	ld	hl,#(_levelTile + 0x0015)
   010C 36 81               153 	ld	(hl),#0x81
   010E 21r36r00            154 	ld	hl,#(_levelTile + 0x0016)
   0111 36 00               155 	ld	(hl),#0x00
   0113 21r37r00            156 	ld	hl,#(_levelTile + 0x0017)
   0116 36 81               157 	ld	(hl),#0x81
   0118 21r38r00            158 	ld	hl,#(_levelTile + 0x0018)
   011B 36 00               159 	ld	(hl),#0x00
   011D 21r39r00            160 	ld	hl,#(_levelTile + 0x0019)
   0120 36 81               161 	ld	(hl),#0x81
   0122 21r3Ar00            162 	ld	hl,#(_levelTile + 0x001a)
   0125 36 00               163 	ld	(hl),#0x00
   0127 21r3Br00            164 	ld	hl,#(_levelTile + 0x001b)
   012A 36 81               165 	ld	(hl),#0x81
   012C 21r3Cr00            166 	ld	hl,#(_levelTile + 0x001c)
   012F 36 00               167 	ld	(hl),#0x00
   0131 21r3Dr00            168 	ld	hl,#(_levelTile + 0x001d)
   0134 36 81               169 	ld	(hl),#0x81
   0136 21r3Er00            170 	ld	hl,#(_levelTile + 0x001e)
   0139 36 00               171 	ld	(hl),#0x00
   013B 21r3Fr00            172 	ld	hl,#(_levelTile + 0x001f)
   013E 36 81               173 	ld	(hl),#0x81
   0140 21r40r00            174 	ld	hl,#(_levelTile + 0x0020)
   0143 36 FF               175 	ld	(hl),#0xff
   0145 21r41r00            176 	ld	hl,#(_levelTile + 0x0021)
   0148 36 FF               177 	ld	(hl),#0xff
   014A 21r42r00            178 	ld	hl,#(_levelTile + 0x0022)
   014D 36 FF               179 	ld	(hl),#0xff
   014F 21r43r00            180 	ld	hl,#(_levelTile + 0x0023)
   0152 36 FF               181 	ld	(hl),#0xff
   0154 21r44r00            182 	ld	hl,#(_levelTile + 0x0024)
   0157 36 00               183 	ld	(hl),#0x00
   0159 21r45r00            184 	ld	hl,#(_levelTile + 0x0025)
   015C 36 00               185 	ld	(hl),#0x00
   015E 21r46r00            186 	ld	hl,#(_levelTile + 0x0026)
   0161 36 00               187 	ld	(hl),#0x00
   0163 21r47r00            188 	ld	hl,#(_levelTile + 0x0027)
   0166 36 00               189 	ld	(hl),#0x00
   0168 21r48r00            190 	ld	hl,#(_levelTile + 0x0028)
   016B 36 00               191 	ld	(hl),#0x00
   016D 21r49r00            192 	ld	hl,#(_levelTile + 0x0029)
   0170 36 00               193 	ld	(hl),#0x00
   0172 21r4Ar00            194 	ld	hl,#(_levelTile + 0x002a)
   0175 36 00               195 	ld	(hl),#0x00
   0177 21r4Br00            196 	ld	hl,#(_levelTile + 0x002b)
   017A 36 00               197 	ld	(hl),#0x00
   017C 21r4Cr00            198 	ld	hl,#(_levelTile + 0x002c)
   017F 36 00               199 	ld	(hl),#0x00
   0181 21r4Dr00            200 	ld	hl,#(_levelTile + 0x002d)
   0184 36 00               201 	ld	(hl),#0x00
   0186 21r4Er00            202 	ld	hl,#(_levelTile + 0x002e)
   0189 36 00               203 	ld	(hl),#0x00
   018B 21r4Fr00            204 	ld	hl,#(_levelTile + 0x002f)
   018E 36 00               205 	ld	(hl),#0x00
                            206 ;levelMap.c:25: unsigned char levelMap[] =
   0190 21r50r00            207 	ld	hl,#_levelMap
   0193 36 00               208 	ld	(hl),#0x00
   0195 21r51r00            209 	ld	hl,#(_levelMap + 0x0001)
   0198 36 00               210 	ld	(hl),#0x00
   019A 21r52r00            211 	ld	hl,#(_levelMap + 0x0002)
   019D 36 00               212 	ld	(hl),#0x00
   019F 21r53r00            213 	ld	hl,#(_levelMap + 0x0003)
   01A2 36 00               214 	ld	(hl),#0x00
   01A4 21r54r00            215 	ld	hl,#(_levelMap + 0x0004)
   01A7 36 00               216 	ld	(hl),#0x00
   01A9 21r55r00            217 	ld	hl,#(_levelMap + 0x0005)
   01AC 36 00               218 	ld	(hl),#0x00
   01AE 21r56r00            219 	ld	hl,#(_levelMap + 0x0006)
   01B1 36 00               220 	ld	(hl),#0x00
   01B3 21r57r00            221 	ld	hl,#(_levelMap + 0x0007)
   01B6 36 00               222 	ld	(hl),#0x00
   01B8 21r58r00            223 	ld	hl,#(_levelMap + 0x0008)
   01BB 36 00               224 	ld	(hl),#0x00
   01BD 21r59r00            225 	ld	hl,#(_levelMap + 0x0009)
   01C0 36 00               226 	ld	(hl),#0x00
   01C2 21r5Ar00            227 	ld	hl,#(_levelMap + 0x000a)
   01C5 36 00               228 	ld	(hl),#0x00
   01C7 21r5Br00            229 	ld	hl,#(_levelMap + 0x000b)
   01CA 36 00               230 	ld	(hl),#0x00
   01CC 21r5Cr00            231 	ld	hl,#(_levelMap + 0x000c)
   01CF 36 00               232 	ld	(hl),#0x00
   01D1 21r5Dr00            233 	ld	hl,#(_levelMap + 0x000d)
   01D4 36 00               234 	ld	(hl),#0x00
   01D6 21r5Er00            235 	ld	hl,#(_levelMap + 0x000e)
   01D9 36 00               236 	ld	(hl),#0x00
   01DB 21r5Fr00            237 	ld	hl,#(_levelMap + 0x000f)
   01DE 36 00               238 	ld	(hl),#0x00
   01E0 21r60r00            239 	ld	hl,#(_levelMap + 0x0010)
   01E3 36 00               240 	ld	(hl),#0x00
   01E5 21r61r00            241 	ld	hl,#(_levelMap + 0x0011)
   01E8 36 00               242 	ld	(hl),#0x00
   01EA 21r62r00            243 	ld	hl,#(_levelMap + 0x0012)
   01ED 36 00               244 	ld	(hl),#0x00
   01EF 21r63r00            245 	ld	hl,#(_levelMap + 0x0013)
   01F2 36 00               246 	ld	(hl),#0x00
   01F4 21r64r00            247 	ld	hl,#(_levelMap + 0x0014)
   01F7 36 00               248 	ld	(hl),#0x00
   01F9 21r65r00            249 	ld	hl,#(_levelMap + 0x0015)
   01FC 36 00               250 	ld	(hl),#0x00
   01FE 21r66r00            251 	ld	hl,#(_levelMap + 0x0016)
   0201 36 00               252 	ld	(hl),#0x00
   0203 21r67r00            253 	ld	hl,#(_levelMap + 0x0017)
   0206 36 00               254 	ld	(hl),#0x00
   0208 21r68r00            255 	ld	hl,#(_levelMap + 0x0018)
   020B 36 00               256 	ld	(hl),#0x00
   020D 21r69r00            257 	ld	hl,#(_levelMap + 0x0019)
   0210 36 00               258 	ld	(hl),#0x00
   0212 21r6Ar00            259 	ld	hl,#(_levelMap + 0x001a)
   0215 36 00               260 	ld	(hl),#0x00
   0217 21r6Br00            261 	ld	hl,#(_levelMap + 0x001b)
   021A 36 00               262 	ld	(hl),#0x00
   021C 21r6Cr00            263 	ld	hl,#(_levelMap + 0x001c)
   021F 36 00               264 	ld	(hl),#0x00
   0221 21r6Dr00            265 	ld	hl,#(_levelMap + 0x001d)
   0224 36 00               266 	ld	(hl),#0x00
   0226 21r6Er00            267 	ld	hl,#(_levelMap + 0x001e)
   0229 36 00               268 	ld	(hl),#0x00
   022B 21r6Fr00            269 	ld	hl,#(_levelMap + 0x001f)
   022E 36 00               270 	ld	(hl),#0x00
   0230 21r70r00            271 	ld	hl,#(_levelMap + 0x0020)
   0233 36 00               272 	ld	(hl),#0x00
   0235 21r71r00            273 	ld	hl,#(_levelMap + 0x0021)
   0238 36 00               274 	ld	(hl),#0x00
   023A 21r72r00            275 	ld	hl,#(_levelMap + 0x0022)
   023D 36 00               276 	ld	(hl),#0x00
   023F 21r73r00            277 	ld	hl,#(_levelMap + 0x0023)
   0242 36 00               278 	ld	(hl),#0x00
   0244 21r74r00            279 	ld	hl,#(_levelMap + 0x0024)
   0247 36 00               280 	ld	(hl),#0x00
   0249 21r75r00            281 	ld	hl,#(_levelMap + 0x0025)
   024C 36 00               282 	ld	(hl),#0x00
   024E 21r76r00            283 	ld	hl,#(_levelMap + 0x0026)
   0251 36 00               284 	ld	(hl),#0x00
   0253 21r77r00            285 	ld	hl,#(_levelMap + 0x0027)
   0256 36 00               286 	ld	(hl),#0x00
   0258 21r78r00            287 	ld	hl,#(_levelMap + 0x0028)
   025B 36 00               288 	ld	(hl),#0x00
   025D 21r79r00            289 	ld	hl,#(_levelMap + 0x0029)
   0260 36 00               290 	ld	(hl),#0x00
   0262 21r7Ar00            291 	ld	hl,#(_levelMap + 0x002a)
   0265 36 00               292 	ld	(hl),#0x00
   0267 21r7Br00            293 	ld	hl,#(_levelMap + 0x002b)
   026A 36 00               294 	ld	(hl),#0x00
   026C 21r7Cr00            295 	ld	hl,#(_levelMap + 0x002c)
   026F 36 00               296 	ld	(hl),#0x00
   0271 21r7Dr00            297 	ld	hl,#(_levelMap + 0x002d)
   0274 36 00               298 	ld	(hl),#0x00
   0276 21r7Er00            299 	ld	hl,#(_levelMap + 0x002e)
   0279 36 00               300 	ld	(hl),#0x00
   027B 21r7Fr00            301 	ld	hl,#(_levelMap + 0x002f)
   027E 36 00               302 	ld	(hl),#0x00
   0280 21r80r00            303 	ld	hl,#(_levelMap + 0x0030)
   0283 36 00               304 	ld	(hl),#0x00
   0285 21r81r00            305 	ld	hl,#(_levelMap + 0x0031)
   0288 36 00               306 	ld	(hl),#0x00
   028A 21r82r00            307 	ld	hl,#(_levelMap + 0x0032)
   028D 36 00               308 	ld	(hl),#0x00
   028F 21r83r00            309 	ld	hl,#(_levelMap + 0x0033)
   0292 36 00               310 	ld	(hl),#0x00
   0294 21r84r00            311 	ld	hl,#(_levelMap + 0x0034)
   0297 36 00               312 	ld	(hl),#0x00
   0299 21r85r00            313 	ld	hl,#(_levelMap + 0x0035)
   029C 36 00               314 	ld	(hl),#0x00
   029E 21r86r00            315 	ld	hl,#(_levelMap + 0x0036)
   02A1 36 00               316 	ld	(hl),#0x00
   02A3 21r87r00            317 	ld	hl,#(_levelMap + 0x0037)
   02A6 36 00               318 	ld	(hl),#0x00
   02A8 21r88r00            319 	ld	hl,#(_levelMap + 0x0038)
   02AB 36 00               320 	ld	(hl),#0x00
   02AD 21r89r00            321 	ld	hl,#(_levelMap + 0x0039)
   02B0 36 00               322 	ld	(hl),#0x00
   02B2 21r8Ar00            323 	ld	hl,#(_levelMap + 0x003a)
   02B5 36 00               324 	ld	(hl),#0x00
   02B7 21r8Br00            325 	ld	hl,#(_levelMap + 0x003b)
   02BA 36 00               326 	ld	(hl),#0x00
   02BC 21r8Cr00            327 	ld	hl,#(_levelMap + 0x003c)
   02BF 36 00               328 	ld	(hl),#0x00
   02C1 21r8Dr00            329 	ld	hl,#(_levelMap + 0x003d)
   02C4 36 00               330 	ld	(hl),#0x00
   02C6 21r8Er00            331 	ld	hl,#(_levelMap + 0x003e)
   02C9 36 00               332 	ld	(hl),#0x00
   02CB 21r8Fr00            333 	ld	hl,#(_levelMap + 0x003f)
   02CE 36 00               334 	ld	(hl),#0x00
   02D0 21r90r00            335 	ld	hl,#(_levelMap + 0x0040)
   02D3 36 00               336 	ld	(hl),#0x00
   02D5 21r91r00            337 	ld	hl,#(_levelMap + 0x0041)
   02D8 36 00               338 	ld	(hl),#0x00
   02DA 21r92r00            339 	ld	hl,#(_levelMap + 0x0042)
   02DD 36 00               340 	ld	(hl),#0x00
   02DF 21r93r00            341 	ld	hl,#(_levelMap + 0x0043)
   02E2 36 00               342 	ld	(hl),#0x00
   02E4 21r94r00            343 	ld	hl,#(_levelMap + 0x0044)
   02E7 36 00               344 	ld	(hl),#0x00
   02E9 21r95r00            345 	ld	hl,#(_levelMap + 0x0045)
   02EC 36 00               346 	ld	(hl),#0x00
   02EE 21r96r00            347 	ld	hl,#(_levelMap + 0x0046)
   02F1 36 00               348 	ld	(hl),#0x00
   02F3 21r97r00            349 	ld	hl,#(_levelMap + 0x0047)
   02F6 36 00               350 	ld	(hl),#0x00
   02F8 21r98r00            351 	ld	hl,#(_levelMap + 0x0048)
   02FB 36 00               352 	ld	(hl),#0x00
   02FD 21r99r00            353 	ld	hl,#(_levelMap + 0x0049)
   0300 36 00               354 	ld	(hl),#0x00
   0302 21r9Ar00            355 	ld	hl,#(_levelMap + 0x004a)
   0305 36 00               356 	ld	(hl),#0x00
   0307 21r9Br00            357 	ld	hl,#(_levelMap + 0x004b)
   030A 36 00               358 	ld	(hl),#0x00
   030C 21r9Cr00            359 	ld	hl,#(_levelMap + 0x004c)
   030F 36 00               360 	ld	(hl),#0x00
   0311 21r9Dr00            361 	ld	hl,#(_levelMap + 0x004d)
   0314 36 00               362 	ld	(hl),#0x00
   0316 21r9Er00            363 	ld	hl,#(_levelMap + 0x004e)
   0319 36 00               364 	ld	(hl),#0x00
   031B 21r9Fr00            365 	ld	hl,#(_levelMap + 0x004f)
   031E 36 00               366 	ld	(hl),#0x00
   0320 21rA0r00            367 	ld	hl,#(_levelMap + 0x0050)
   0323 36 00               368 	ld	(hl),#0x00
   0325 21rA1r00            369 	ld	hl,#(_levelMap + 0x0051)
   0328 36 00               370 	ld	(hl),#0x00
   032A 21rA2r00            371 	ld	hl,#(_levelMap + 0x0052)
   032D 36 00               372 	ld	(hl),#0x00
   032F 21rA3r00            373 	ld	hl,#(_levelMap + 0x0053)
   0332 36 00               374 	ld	(hl),#0x00
   0334 21rA4r00            375 	ld	hl,#(_levelMap + 0x0054)
   0337 36 00               376 	ld	(hl),#0x00
   0339 21rA5r00            377 	ld	hl,#(_levelMap + 0x0055)
   033C 36 00               378 	ld	(hl),#0x00
   033E 21rA6r00            379 	ld	hl,#(_levelMap + 0x0056)
   0341 36 00               380 	ld	(hl),#0x00
   0343 21rA7r00            381 	ld	hl,#(_levelMap + 0x0057)
   0346 36 00               382 	ld	(hl),#0x00
   0348 21rA8r00            383 	ld	hl,#(_levelMap + 0x0058)
   034B 36 00               384 	ld	(hl),#0x00
   034D 21rA9r00            385 	ld	hl,#(_levelMap + 0x0059)
   0350 36 00               386 	ld	(hl),#0x00
   0352 21rAAr00            387 	ld	hl,#(_levelMap + 0x005a)
   0355 36 00               388 	ld	(hl),#0x00
   0357 21rABr00            389 	ld	hl,#(_levelMap + 0x005b)
   035A 36 00               390 	ld	(hl),#0x00
   035C 21rACr00            391 	ld	hl,#(_levelMap + 0x005c)
   035F 36 00               392 	ld	(hl),#0x00
   0361 21rADr00            393 	ld	hl,#(_levelMap + 0x005d)
   0364 36 00               394 	ld	(hl),#0x00
   0366 21rAEr00            395 	ld	hl,#(_levelMap + 0x005e)
   0369 36 00               396 	ld	(hl),#0x00
   036B 21rAFr00            397 	ld	hl,#(_levelMap + 0x005f)
   036E 36 00               398 	ld	(hl),#0x00
   0370 21rB0r00            399 	ld	hl,#(_levelMap + 0x0060)
   0373 36 00               400 	ld	(hl),#0x00
   0375 21rB1r00            401 	ld	hl,#(_levelMap + 0x0061)
   0378 36 00               402 	ld	(hl),#0x00
   037A 21rB2r00            403 	ld	hl,#(_levelMap + 0x0062)
   037D 36 00               404 	ld	(hl),#0x00
   037F 21rB3r00            405 	ld	hl,#(_levelMap + 0x0063)
   0382 36 00               406 	ld	(hl),#0x00
   0384 21rB4r00            407 	ld	hl,#(_levelMap + 0x0064)
   0387 36 00               408 	ld	(hl),#0x00
   0389 21rB5r00            409 	ld	hl,#(_levelMap + 0x0065)
   038C 36 00               410 	ld	(hl),#0x00
   038E 21rB6r00            411 	ld	hl,#(_levelMap + 0x0066)
   0391 36 00               412 	ld	(hl),#0x00
   0393 21rB7r00            413 	ld	hl,#(_levelMap + 0x0067)
   0396 36 00               414 	ld	(hl),#0x00
   0398 21rB8r00            415 	ld	hl,#(_levelMap + 0x0068)
   039B 36 00               416 	ld	(hl),#0x00
   039D 21rB9r00            417 	ld	hl,#(_levelMap + 0x0069)
   03A0 36 00               418 	ld	(hl),#0x00
   03A2 21rBAr00            419 	ld	hl,#(_levelMap + 0x006a)
   03A5 36 00               420 	ld	(hl),#0x00
   03A7 21rBBr00            421 	ld	hl,#(_levelMap + 0x006b)
   03AA 36 00               422 	ld	(hl),#0x00
   03AC 21rBCr00            423 	ld	hl,#(_levelMap + 0x006c)
   03AF 36 00               424 	ld	(hl),#0x00
   03B1 21rBDr00            425 	ld	hl,#(_levelMap + 0x006d)
   03B4 36 00               426 	ld	(hl),#0x00
   03B6 21rBEr00            427 	ld	hl,#(_levelMap + 0x006e)
   03B9 36 00               428 	ld	(hl),#0x00
   03BB 21rBFr00            429 	ld	hl,#(_levelMap + 0x006f)
   03BE 36 00               430 	ld	(hl),#0x00
   03C0 21rC0r00            431 	ld	hl,#(_levelMap + 0x0070)
   03C3 36 00               432 	ld	(hl),#0x00
   03C5 21rC1r00            433 	ld	hl,#(_levelMap + 0x0071)
   03C8 36 00               434 	ld	(hl),#0x00
   03CA 21rC2r00            435 	ld	hl,#(_levelMap + 0x0072)
   03CD 36 00               436 	ld	(hl),#0x00
   03CF 21rC3r00            437 	ld	hl,#(_levelMap + 0x0073)
   03D2 36 00               438 	ld	(hl),#0x00
   03D4 21rC4r00            439 	ld	hl,#(_levelMap + 0x0074)
   03D7 36 00               440 	ld	(hl),#0x00
   03D9 21rC5r00            441 	ld	hl,#(_levelMap + 0x0075)
   03DC 36 00               442 	ld	(hl),#0x00
   03DE 21rC6r00            443 	ld	hl,#(_levelMap + 0x0076)
   03E1 36 00               444 	ld	(hl),#0x00
   03E3 21rC7r00            445 	ld	hl,#(_levelMap + 0x0077)
   03E6 36 00               446 	ld	(hl),#0x00
   03E8 21rC8r00            447 	ld	hl,#(_levelMap + 0x0078)
   03EB 36 00               448 	ld	(hl),#0x00
   03ED 21rC9r00            449 	ld	hl,#(_levelMap + 0x0079)
   03F0 36 00               450 	ld	(hl),#0x00
   03F2 21rCAr00            451 	ld	hl,#(_levelMap + 0x007a)
   03F5 36 00               452 	ld	(hl),#0x00
   03F7 21rCBr00            453 	ld	hl,#(_levelMap + 0x007b)
   03FA 36 00               454 	ld	(hl),#0x00
   03FC 21rCCr00            455 	ld	hl,#(_levelMap + 0x007c)
   03FF 36 00               456 	ld	(hl),#0x00
   0401 21rCDr00            457 	ld	hl,#(_levelMap + 0x007d)
   0404 36 00               458 	ld	(hl),#0x00
   0406 21rCEr00            459 	ld	hl,#(_levelMap + 0x007e)
   0409 36 00               460 	ld	(hl),#0x00
   040B 21rCFr00            461 	ld	hl,#(_levelMap + 0x007f)
   040E 36 00               462 	ld	(hl),#0x00
   0410 21rD0r00            463 	ld	hl,#(_levelMap + 0x0080)
   0413 36 00               464 	ld	(hl),#0x00
   0415 21rD1r00            465 	ld	hl,#(_levelMap + 0x0081)
   0418 36 00               466 	ld	(hl),#0x00
   041A 21rD2r00            467 	ld	hl,#(_levelMap + 0x0082)
   041D 36 00               468 	ld	(hl),#0x00
   041F 21rD3r00            469 	ld	hl,#(_levelMap + 0x0083)
   0422 36 00               470 	ld	(hl),#0x00
   0424 21rD4r00            471 	ld	hl,#(_levelMap + 0x0084)
   0427 36 00               472 	ld	(hl),#0x00
   0429 21rD5r00            473 	ld	hl,#(_levelMap + 0x0085)
   042C 36 00               474 	ld	(hl),#0x00
   042E 21rD6r00            475 	ld	hl,#(_levelMap + 0x0086)
   0431 36 00               476 	ld	(hl),#0x00
   0433 21rD7r00            477 	ld	hl,#(_levelMap + 0x0087)
   0436 36 00               478 	ld	(hl),#0x00
   0438 21rD8r00            479 	ld	hl,#(_levelMap + 0x0088)
   043B 36 00               480 	ld	(hl),#0x00
   043D 21rD9r00            481 	ld	hl,#(_levelMap + 0x0089)
   0440 36 00               482 	ld	(hl),#0x00
   0442 21rDAr00            483 	ld	hl,#(_levelMap + 0x008a)
   0445 36 00               484 	ld	(hl),#0x00
   0447 21rDBr00            485 	ld	hl,#(_levelMap + 0x008b)
   044A 36 00               486 	ld	(hl),#0x00
   044C 21rDCr00            487 	ld	hl,#(_levelMap + 0x008c)
   044F 36 00               488 	ld	(hl),#0x00
   0451 21rDDr00            489 	ld	hl,#(_levelMap + 0x008d)
   0454 36 00               490 	ld	(hl),#0x00
   0456 21rDEr00            491 	ld	hl,#(_levelMap + 0x008e)
   0459 36 00               492 	ld	(hl),#0x00
   045B 21rDFr00            493 	ld	hl,#(_levelMap + 0x008f)
   045E 36 00               494 	ld	(hl),#0x00
   0460 21rE0r00            495 	ld	hl,#(_levelMap + 0x0090)
   0463 36 00               496 	ld	(hl),#0x00
   0465 21rE1r00            497 	ld	hl,#(_levelMap + 0x0091)
   0468 36 00               498 	ld	(hl),#0x00
   046A 21rE2r00            499 	ld	hl,#(_levelMap + 0x0092)
   046D 36 00               500 	ld	(hl),#0x00
   046F 21rE3r00            501 	ld	hl,#(_levelMap + 0x0093)
   0472 36 00               502 	ld	(hl),#0x00
   0474 21rE4r00            503 	ld	hl,#(_levelMap + 0x0094)
   0477 36 00               504 	ld	(hl),#0x00
   0479 21rE5r00            505 	ld	hl,#(_levelMap + 0x0095)
   047C 36 00               506 	ld	(hl),#0x00
   047E 21rE6r00            507 	ld	hl,#(_levelMap + 0x0096)
   0481 36 00               508 	ld	(hl),#0x00
   0483 21rE7r00            509 	ld	hl,#(_levelMap + 0x0097)
   0486 36 00               510 	ld	(hl),#0x00
   0488 21rE8r00            511 	ld	hl,#(_levelMap + 0x0098)
   048B 36 00               512 	ld	(hl),#0x00
   048D 21rE9r00            513 	ld	hl,#(_levelMap + 0x0099)
   0490 36 00               514 	ld	(hl),#0x00
   0492 21rEAr00            515 	ld	hl,#(_levelMap + 0x009a)
   0495 36 00               516 	ld	(hl),#0x00
   0497 21rEBr00            517 	ld	hl,#(_levelMap + 0x009b)
   049A 36 00               518 	ld	(hl),#0x00
   049C 21rECr00            519 	ld	hl,#(_levelMap + 0x009c)
   049F 36 00               520 	ld	(hl),#0x00
   04A1 21rEDr00            521 	ld	hl,#(_levelMap + 0x009d)
   04A4 36 00               522 	ld	(hl),#0x00
   04A6 21rEEr00            523 	ld	hl,#(_levelMap + 0x009e)
   04A9 36 00               524 	ld	(hl),#0x00
   04AB 21rEFr00            525 	ld	hl,#(_levelMap + 0x009f)
   04AE 36 00               526 	ld	(hl),#0x00
   04B0 21rF0r00            527 	ld	hl,#(_levelMap + 0x00a0)
   04B3 36 00               528 	ld	(hl),#0x00
   04B5 21rF1r00            529 	ld	hl,#(_levelMap + 0x00a1)
   04B8 36 00               530 	ld	(hl),#0x00
   04BA 21rF2r00            531 	ld	hl,#(_levelMap + 0x00a2)
   04BD 36 00               532 	ld	(hl),#0x00
   04BF 21rF3r00            533 	ld	hl,#(_levelMap + 0x00a3)
   04C2 36 00               534 	ld	(hl),#0x00
   04C4 21rF4r00            535 	ld	hl,#(_levelMap + 0x00a4)
   04C7 36 00               536 	ld	(hl),#0x00
   04C9 21rF5r00            537 	ld	hl,#(_levelMap + 0x00a5)
   04CC 36 00               538 	ld	(hl),#0x00
   04CE 21rF6r00            539 	ld	hl,#(_levelMap + 0x00a6)
   04D1 36 00               540 	ld	(hl),#0x00
   04D3 21rF7r00            541 	ld	hl,#(_levelMap + 0x00a7)
   04D6 36 00               542 	ld	(hl),#0x00
   04D8 21rF8r00            543 	ld	hl,#(_levelMap + 0x00a8)
   04DB 36 00               544 	ld	(hl),#0x00
   04DD 21rF9r00            545 	ld	hl,#(_levelMap + 0x00a9)
   04E0 36 00               546 	ld	(hl),#0x00
   04E2 21rFAr00            547 	ld	hl,#(_levelMap + 0x00aa)
   04E5 36 00               548 	ld	(hl),#0x00
   04E7 21rFBr00            549 	ld	hl,#(_levelMap + 0x00ab)
   04EA 36 00               550 	ld	(hl),#0x00
   04EC 21rFCr00            551 	ld	hl,#(_levelMap + 0x00ac)
   04EF 36 00               552 	ld	(hl),#0x00
   04F1 21rFDr00            553 	ld	hl,#(_levelMap + 0x00ad)
   04F4 36 00               554 	ld	(hl),#0x00
   04F6 21rFEr00            555 	ld	hl,#(_levelMap + 0x00ae)
   04F9 36 00               556 	ld	(hl),#0x00
   04FB 21rFFr00            557 	ld	hl,#(_levelMap + 0x00af)
   04FE 36 00               558 	ld	(hl),#0x00
   0500 21r00r01            559 	ld	hl,#(_levelMap + 0x00b0)
   0503 36 00               560 	ld	(hl),#0x00
   0505 21r01r01            561 	ld	hl,#(_levelMap + 0x00b1)
   0508 36 00               562 	ld	(hl),#0x00
   050A 21r02r01            563 	ld	hl,#(_levelMap + 0x00b2)
   050D 36 00               564 	ld	(hl),#0x00
   050F 21r03r01            565 	ld	hl,#(_levelMap + 0x00b3)
   0512 36 00               566 	ld	(hl),#0x00
   0514 21r04r01            567 	ld	hl,#(_levelMap + 0x00b4)
   0517 36 00               568 	ld	(hl),#0x00
   0519 21r05r01            569 	ld	hl,#(_levelMap + 0x00b5)
   051C 36 00               570 	ld	(hl),#0x00
   051E 21r06r01            571 	ld	hl,#(_levelMap + 0x00b6)
   0521 36 00               572 	ld	(hl),#0x00
   0523 21r07r01            573 	ld	hl,#(_levelMap + 0x00b7)
   0526 36 00               574 	ld	(hl),#0x00
   0528 21r08r01            575 	ld	hl,#(_levelMap + 0x00b8)
   052B 36 00               576 	ld	(hl),#0x00
   052D 21r09r01            577 	ld	hl,#(_levelMap + 0x00b9)
   0530 36 00               578 	ld	(hl),#0x00
   0532 21r0Ar01            579 	ld	hl,#(_levelMap + 0x00ba)
   0535 36 01               580 	ld	(hl),#0x01
   0537 21r0Br01            581 	ld	hl,#(_levelMap + 0x00bb)
   053A 36 01               582 	ld	(hl),#0x01
   053C 21r0Cr01            583 	ld	hl,#(_levelMap + 0x00bc)
   053F 36 01               584 	ld	(hl),#0x01
   0541 21r0Dr01            585 	ld	hl,#(_levelMap + 0x00bd)
   0544 36 01               586 	ld	(hl),#0x01
   0546 21r0Er01            587 	ld	hl,#(_levelMap + 0x00be)
   0549 36 01               588 	ld	(hl),#0x01
   054B 21r0Fr01            589 	ld	hl,#(_levelMap + 0x00bf)
   054E 36 01               590 	ld	(hl),#0x01
   0550 21r10r01            591 	ld	hl,#(_levelMap + 0x00c0)
   0553 36 01               592 	ld	(hl),#0x01
   0555 21r11r01            593 	ld	hl,#(_levelMap + 0x00c1)
   0558 36 01               594 	ld	(hl),#0x01
   055A 21r12r01            595 	ld	hl,#(_levelMap + 0x00c2)
   055D 36 01               596 	ld	(hl),#0x01
   055F 21r13r01            597 	ld	hl,#(_levelMap + 0x00c3)
   0562 36 01               598 	ld	(hl),#0x01
   0564 21r14r01            599 	ld	hl,#(_levelMap + 0x00c4)
   0567 36 01               600 	ld	(hl),#0x01
   0569 21r15r01            601 	ld	hl,#(_levelMap + 0x00c5)
   056C 36 01               602 	ld	(hl),#0x01
   056E 21r16r01            603 	ld	hl,#(_levelMap + 0x00c6)
   0571 36 00               604 	ld	(hl),#0x00
   0573 21r17r01            605 	ld	hl,#(_levelMap + 0x00c7)
   0576 36 00               606 	ld	(hl),#0x00
   0578 21r18r01            607 	ld	hl,#(_levelMap + 0x00c8)
   057B 36 00               608 	ld	(hl),#0x00
   057D 21r19r01            609 	ld	hl,#(_levelMap + 0x00c9)
   0580 36 00               610 	ld	(hl),#0x00
   0582 21r1Ar01            611 	ld	hl,#(_levelMap + 0x00ca)
   0585 36 00               612 	ld	(hl),#0x00
   0587 21r1Br01            613 	ld	hl,#(_levelMap + 0x00cb)
   058A 36 00               614 	ld	(hl),#0x00
   058C 21r1Cr01            615 	ld	hl,#(_levelMap + 0x00cc)
   058F 36 00               616 	ld	(hl),#0x00
   0591 21r1Dr01            617 	ld	hl,#(_levelMap + 0x00cd)
   0594 36 00               618 	ld	(hl),#0x00
   0596 21r1Er01            619 	ld	hl,#(_levelMap + 0x00ce)
   0599 36 01               620 	ld	(hl),#0x01
   059B 21r1Fr01            621 	ld	hl,#(_levelMap + 0x00cf)
   059E 36 01               622 	ld	(hl),#0x01
   05A0 21r20r01            623 	ld	hl,#(_levelMap + 0x00d0)
   05A3 36 01               624 	ld	(hl),#0x01
   05A5 21r21r01            625 	ld	hl,#(_levelMap + 0x00d1)
   05A8 36 01               626 	ld	(hl),#0x01
   05AA 21r22r01            627 	ld	hl,#(_levelMap + 0x00d2)
   05AD 36 01               628 	ld	(hl),#0x01
   05AF 21r23r01            629 	ld	hl,#(_levelMap + 0x00d3)
   05B2 36 01               630 	ld	(hl),#0x01
   05B4 21r24r01            631 	ld	hl,#(_levelMap + 0x00d4)
   05B7 36 01               632 	ld	(hl),#0x01
   05B9 21r25r01            633 	ld	hl,#(_levelMap + 0x00d5)
   05BC 36 01               634 	ld	(hl),#0x01
   05BE 21r26r01            635 	ld	hl,#(_levelMap + 0x00d6)
   05C1 36 01               636 	ld	(hl),#0x01
   05C3 21r27r01            637 	ld	hl,#(_levelMap + 0x00d7)
   05C6 36 01               638 	ld	(hl),#0x01
   05C8 21r28r01            639 	ld	hl,#(_levelMap + 0x00d8)
   05CB 36 01               640 	ld	(hl),#0x01
   05CD 21r29r01            641 	ld	hl,#(_levelMap + 0x00d9)
   05D0 36 01               642 	ld	(hl),#0x01
   05D2 21r2Ar01            643 	ld	hl,#(_levelMap + 0x00da)
   05D5 36 00               644 	ld	(hl),#0x00
   05D7 21r2Br01            645 	ld	hl,#(_levelMap + 0x00db)
   05DA 36 00               646 	ld	(hl),#0x00
   05DC 21r2Cr01            647 	ld	hl,#(_levelMap + 0x00dc)
   05DF 36 00               648 	ld	(hl),#0x00
   05E1 21r2Dr01            649 	ld	hl,#(_levelMap + 0x00dd)
   05E4 36 00               650 	ld	(hl),#0x00
   05E6 21r2Er01            651 	ld	hl,#(_levelMap + 0x00de)
   05E9 36 00               652 	ld	(hl),#0x00
   05EB 21r2Fr01            653 	ld	hl,#(_levelMap + 0x00df)
   05EE 36 00               654 	ld	(hl),#0x00
   05F0 21r30r01            655 	ld	hl,#(_levelMap + 0x00e0)
   05F3 36 00               656 	ld	(hl),#0x00
   05F5 21r31r01            657 	ld	hl,#(_levelMap + 0x00e1)
   05F8 36 00               658 	ld	(hl),#0x00
   05FA 21r32r01            659 	ld	hl,#(_levelMap + 0x00e2)
   05FD 36 01               660 	ld	(hl),#0x01
   05FF 21r33r01            661 	ld	hl,#(_levelMap + 0x00e3)
   0602 36 01               662 	ld	(hl),#0x01
   0604 21r34r01            663 	ld	hl,#(_levelMap + 0x00e4)
   0607 36 01               664 	ld	(hl),#0x01
   0609 21r35r01            665 	ld	hl,#(_levelMap + 0x00e5)
   060C 36 01               666 	ld	(hl),#0x01
   060E 21r36r01            667 	ld	hl,#(_levelMap + 0x00e6)
   0611 36 01               668 	ld	(hl),#0x01
   0613 21r37r01            669 	ld	hl,#(_levelMap + 0x00e7)
   0616 36 01               670 	ld	(hl),#0x01
   0618 21r38r01            671 	ld	hl,#(_levelMap + 0x00e8)
   061B 36 01               672 	ld	(hl),#0x01
   061D 21r39r01            673 	ld	hl,#(_levelMap + 0x00e9)
   0620 36 01               674 	ld	(hl),#0x01
   0622 21r3Ar01            675 	ld	hl,#(_levelMap + 0x00ea)
   0625 36 01               676 	ld	(hl),#0x01
   0627 21r3Br01            677 	ld	hl,#(_levelMap + 0x00eb)
   062A 36 01               678 	ld	(hl),#0x01
   062C 21r3Cr01            679 	ld	hl,#(_levelMap + 0x00ec)
   062F 36 01               680 	ld	(hl),#0x01
   0631 21r3Dr01            681 	ld	hl,#(_levelMap + 0x00ed)
   0634 36 01               682 	ld	(hl),#0x01
   0636 21r3Er01            683 	ld	hl,#(_levelMap + 0x00ee)
   0639 36 00               684 	ld	(hl),#0x00
   063B 21r3Fr01            685 	ld	hl,#(_levelMap + 0x00ef)
   063E 36 00               686 	ld	(hl),#0x00
   0640 21r40r01            687 	ld	hl,#(_levelMap + 0x00f0)
   0643 36 00               688 	ld	(hl),#0x00
   0645 21r41r01            689 	ld	hl,#(_levelMap + 0x00f1)
   0648 36 00               690 	ld	(hl),#0x00
   064A 21r42r01            691 	ld	hl,#(_levelMap + 0x00f2)
   064D 36 00               692 	ld	(hl),#0x00
   064F 21r43r01            693 	ld	hl,#(_levelMap + 0x00f3)
   0652 36 00               694 	ld	(hl),#0x00
   0654 21r44r01            695 	ld	hl,#(_levelMap + 0x00f4)
   0657 36 00               696 	ld	(hl),#0x00
   0659 21r45r01            697 	ld	hl,#(_levelMap + 0x00f5)
   065C 36 00               698 	ld	(hl),#0x00
   065E 21r46r01            699 	ld	hl,#(_levelMap + 0x00f6)
   0661 36 01               700 	ld	(hl),#0x01
   0663 21r47r01            701 	ld	hl,#(_levelMap + 0x00f7)
   0666 36 01               702 	ld	(hl),#0x01
   0668 21r48r01            703 	ld	hl,#(_levelMap + 0x00f8)
   066B 36 01               704 	ld	(hl),#0x01
   066D 21r49r01            705 	ld	hl,#(_levelMap + 0x00f9)
   0670 36 01               706 	ld	(hl),#0x01
   0672 21r4Ar01            707 	ld	hl,#(_levelMap + 0x00fa)
   0675 36 01               708 	ld	(hl),#0x01
   0677 21r4Br01            709 	ld	hl,#(_levelMap + 0x00fb)
   067A 36 01               710 	ld	(hl),#0x01
   067C 21r4Cr01            711 	ld	hl,#(_levelMap + 0x00fc)
   067F 36 01               712 	ld	(hl),#0x01
   0681 21r4Dr01            713 	ld	hl,#(_levelMap + 0x00fd)
   0684 36 01               714 	ld	(hl),#0x01
   0686 21r4Er01            715 	ld	hl,#(_levelMap + 0x00fe)
   0689 36 01               716 	ld	(hl),#0x01
   068B 21r4Fr01            717 	ld	hl,#(_levelMap + 0x00ff)
   068E 36 01               718 	ld	(hl),#0x01
   0690 21r50r01            719 	ld	hl,#(_levelMap + 0x0100)
   0693 36 01               720 	ld	(hl),#0x01
   0695 21r51r01            721 	ld	hl,#(_levelMap + 0x0101)
   0698 36 01               722 	ld	(hl),#0x01
   069A 21r52r01            723 	ld	hl,#(_levelMap + 0x0102)
   069D 36 00               724 	ld	(hl),#0x00
   069F 21r53r01            725 	ld	hl,#(_levelMap + 0x0103)
   06A2 36 00               726 	ld	(hl),#0x00
   06A4 21r54r01            727 	ld	hl,#(_levelMap + 0x0104)
   06A7 36 02               728 	ld	(hl),#0x02
   06A9 21r55r01            729 	ld	hl,#(_levelMap + 0x0105)
   06AC 36 02               730 	ld	(hl),#0x02
   06AE 21r56r01            731 	ld	hl,#(_levelMap + 0x0106)
   06B1 36 02               732 	ld	(hl),#0x02
   06B3 21r57r01            733 	ld	hl,#(_levelMap + 0x0107)
   06B6 36 02               734 	ld	(hl),#0x02
   06B8 21r58r01            735 	ld	hl,#(_levelMap + 0x0108)
   06BB 36 02               736 	ld	(hl),#0x02
   06BD 21r59r01            737 	ld	hl,#(_levelMap + 0x0109)
   06C0 36 02               738 	ld	(hl),#0x02
   06C2 21r5Ar01            739 	ld	hl,#(_levelMap + 0x010a)
   06C5 36 02               740 	ld	(hl),#0x02
   06C7 21r5Br01            741 	ld	hl,#(_levelMap + 0x010b)
   06CA 36 02               742 	ld	(hl),#0x02
   06CC 21r5Cr01            743 	ld	hl,#(_levelMap + 0x010c)
   06CF 36 02               744 	ld	(hl),#0x02
   06D1 21r5Dr01            745 	ld	hl,#(_levelMap + 0x010d)
   06D4 36 02               746 	ld	(hl),#0x02
   06D6 21r5Er01            747 	ld	hl,#(_levelMap + 0x010e)
   06D9 36 02               748 	ld	(hl),#0x02
   06DB 21r5Fr01            749 	ld	hl,#(_levelMap + 0x010f)
   06DE 36 02               750 	ld	(hl),#0x02
   06E0 21r60r01            751 	ld	hl,#(_levelMap + 0x0110)
   06E3 36 02               752 	ld	(hl),#0x02
   06E5 21r61r01            753 	ld	hl,#(_levelMap + 0x0111)
   06E8 36 02               754 	ld	(hl),#0x02
   06EA 21r62r01            755 	ld	hl,#(_levelMap + 0x0112)
   06ED 36 02               756 	ld	(hl),#0x02
   06EF 21r63r01            757 	ld	hl,#(_levelMap + 0x0113)
   06F2 36 02               758 	ld	(hl),#0x02
   06F4 21r64r01            759 	ld	hl,#(_levelMap + 0x0114)
   06F7 36 02               760 	ld	(hl),#0x02
   06F9 21r65r01            761 	ld	hl,#(_levelMap + 0x0115)
   06FC 36 02               762 	ld	(hl),#0x02
   06FE 21r66r01            763 	ld	hl,#(_levelMap + 0x0116)
   0701 36 02               764 	ld	(hl),#0x02
   0703 21r67r01            765 	ld	hl,#(_levelMap + 0x0117)
   0706 36 02               766 	ld	(hl),#0x02
   0708 21r68r01            767 	ld	hl,#(_levelMap + 0x0118)
   070B 36 00               768 	ld	(hl),#0x00
   070D 21r69r01            769 	ld	hl,#(_levelMap + 0x0119)
   0710 36 00               770 	ld	(hl),#0x00
   0712 21r6Ar01            771 	ld	hl,#(_levelMap + 0x011a)
   0715 36 00               772 	ld	(hl),#0x00
   0717 21r6Br01            773 	ld	hl,#(_levelMap + 0x011b)
   071A 36 00               774 	ld	(hl),#0x00
   071C 21r6Cr01            775 	ld	hl,#(_levelMap + 0x011c)
   071F 36 00               776 	ld	(hl),#0x00
   0721 21r6Dr01            777 	ld	hl,#(_levelMap + 0x011d)
   0724 36 00               778 	ld	(hl),#0x00
   0726 21r6Er01            779 	ld	hl,#(_levelMap + 0x011e)
   0729 36 00               780 	ld	(hl),#0x00
   072B 21r6Fr01            781 	ld	hl,#(_levelMap + 0x011f)
   072E 36 00               782 	ld	(hl),#0x00
   0730 21r70r01            783 	ld	hl,#(_levelMap + 0x0120)
   0733 36 00               784 	ld	(hl),#0x00
   0735 21r71r01            785 	ld	hl,#(_levelMap + 0x0121)
   0738 36 00               786 	ld	(hl),#0x00
   073A 21r72r01            787 	ld	hl,#(_levelMap + 0x0122)
   073D 36 00               788 	ld	(hl),#0x00
   073F 21r73r01            789 	ld	hl,#(_levelMap + 0x0123)
   0742 36 00               790 	ld	(hl),#0x00
   0744 21r74r01            791 	ld	hl,#(_levelMap + 0x0124)
   0747 36 00               792 	ld	(hl),#0x00
   0749 21r75r01            793 	ld	hl,#(_levelMap + 0x0125)
   074C 36 00               794 	ld	(hl),#0x00
   074E 21r76r01            795 	ld	hl,#(_levelMap + 0x0126)
   0751 36 00               796 	ld	(hl),#0x00
   0753 21r77r01            797 	ld	hl,#(_levelMap + 0x0127)
   0756 36 00               798 	ld	(hl),#0x00
   0758 21r78r01            799 	ld	hl,#(_levelMap + 0x0128)
   075B 36 00               800 	ld	(hl),#0x00
   075D 21r79r01            801 	ld	hl,#(_levelMap + 0x0129)
   0760 36 00               802 	ld	(hl),#0x00
   0762 21r7Ar01            803 	ld	hl,#(_levelMap + 0x012a)
   0765 36 00               804 	ld	(hl),#0x00
   0767 21r7Br01            805 	ld	hl,#(_levelMap + 0x012b)
   076A 36 00               806 	ld	(hl),#0x00
   076C 21r7Cr01            807 	ld	hl,#(_levelMap + 0x012c)
   076F 36 00               808 	ld	(hl),#0x00
   0771 21r7Dr01            809 	ld	hl,#(_levelMap + 0x012d)
   0774 36 00               810 	ld	(hl),#0x00
   0776 21r7Er01            811 	ld	hl,#(_levelMap + 0x012e)
   0779 36 00               812 	ld	(hl),#0x00
   077B 21r7Fr01            813 	ld	hl,#(_levelMap + 0x012f)
   077E 36 00               814 	ld	(hl),#0x00
   0780 21r80r01            815 	ld	hl,#(_levelMap + 0x0130)
   0783 36 00               816 	ld	(hl),#0x00
   0785 21r81r01            817 	ld	hl,#(_levelMap + 0x0131)
   0788 36 00               818 	ld	(hl),#0x00
   078A 21r82r01            819 	ld	hl,#(_levelMap + 0x0132)
   078D 36 00               820 	ld	(hl),#0x00
   078F 21r83r01            821 	ld	hl,#(_levelMap + 0x0133)
   0792 36 00               822 	ld	(hl),#0x00
   0794 21r84r01            823 	ld	hl,#(_levelMap + 0x0134)
   0797 36 00               824 	ld	(hl),#0x00
   0799 21r85r01            825 	ld	hl,#(_levelMap + 0x0135)
   079C 36 00               826 	ld	(hl),#0x00
   079E 21r86r01            827 	ld	hl,#(_levelMap + 0x0136)
   07A1 36 00               828 	ld	(hl),#0x00
   07A3 21r87r01            829 	ld	hl,#(_levelMap + 0x0137)
   07A6 36 00               830 	ld	(hl),#0x00
   07A8 21r88r01            831 	ld	hl,#(_levelMap + 0x0138)
   07AB 36 00               832 	ld	(hl),#0x00
   07AD 21r89r01            833 	ld	hl,#(_levelMap + 0x0139)
   07B0 36 00               834 	ld	(hl),#0x00
   07B2 21r8Ar01            835 	ld	hl,#(_levelMap + 0x013a)
   07B5 36 00               836 	ld	(hl),#0x00
   07B7 21r8Br01            837 	ld	hl,#(_levelMap + 0x013b)
   07BA 36 00               838 	ld	(hl),#0x00
   07BC 21r8Cr01            839 	ld	hl,#(_levelMap + 0x013c)
   07BF 36 00               840 	ld	(hl),#0x00
   07C1 21r8Dr01            841 	ld	hl,#(_levelMap + 0x013d)
   07C4 36 00               842 	ld	(hl),#0x00
   07C6 21r8Er01            843 	ld	hl,#(_levelMap + 0x013e)
   07C9 36 00               844 	ld	(hl),#0x00
   07CB 21r8Fr01            845 	ld	hl,#(_levelMap + 0x013f)
   07CE 36 00               846 	ld	(hl),#0x00
   07D0 21r90r01            847 	ld	hl,#(_levelMap + 0x0140)
   07D3 36 00               848 	ld	(hl),#0x00
   07D5 21r91r01            849 	ld	hl,#(_levelMap + 0x0141)
   07D8 36 00               850 	ld	(hl),#0x00
   07DA 21r92r01            851 	ld	hl,#(_levelMap + 0x0142)
   07DD 36 00               852 	ld	(hl),#0x00
   07DF 21r93r01            853 	ld	hl,#(_levelMap + 0x0143)
   07E2 36 00               854 	ld	(hl),#0x00
   07E4 21r94r01            855 	ld	hl,#(_levelMap + 0x0144)
   07E7 36 00               856 	ld	(hl),#0x00
   07E9 21r95r01            857 	ld	hl,#(_levelMap + 0x0145)
   07EC 36 00               858 	ld	(hl),#0x00
   07EE 21r96r01            859 	ld	hl,#(_levelMap + 0x0146)
   07F1 36 00               860 	ld	(hl),#0x00
   07F3 21r97r01            861 	ld	hl,#(_levelMap + 0x0147)
   07F6 36 00               862 	ld	(hl),#0x00
   07F8 21r98r01            863 	ld	hl,#(_levelMap + 0x0148)
   07FB 36 00               864 	ld	(hl),#0x00
   07FD 21r99r01            865 	ld	hl,#(_levelMap + 0x0149)
   0800 36 00               866 	ld	(hl),#0x00
   0802 21r9Ar01            867 	ld	hl,#(_levelMap + 0x014a)
   0805 36 00               868 	ld	(hl),#0x00
   0807 21r9Br01            869 	ld	hl,#(_levelMap + 0x014b)
   080A 36 00               870 	ld	(hl),#0x00
   080C 21r9Cr01            871 	ld	hl,#(_levelMap + 0x014c)
   080F 36 00               872 	ld	(hl),#0x00
   0811 21r9Dr01            873 	ld	hl,#(_levelMap + 0x014d)
   0814 36 00               874 	ld	(hl),#0x00
   0816 21r9Er01            875 	ld	hl,#(_levelMap + 0x014e)
   0819 36 00               876 	ld	(hl),#0x00
   081B 21r9Fr01            877 	ld	hl,#(_levelMap + 0x014f)
   081E 36 00               878 	ld	(hl),#0x00
   0820 21rA0r01            879 	ld	hl,#(_levelMap + 0x0150)
   0823 36 00               880 	ld	(hl),#0x00
   0825 21rA1r01            881 	ld	hl,#(_levelMap + 0x0151)
   0828 36 00               882 	ld	(hl),#0x00
   082A 21rA2r01            883 	ld	hl,#(_levelMap + 0x0152)
   082D 36 00               884 	ld	(hl),#0x00
   082F 21rA3r01            885 	ld	hl,#(_levelMap + 0x0153)
   0832 36 00               886 	ld	(hl),#0x00
   0834 21rA4r01            887 	ld	hl,#(_levelMap + 0x0154)
   0837 36 00               888 	ld	(hl),#0x00
   0839 21rA5r01            889 	ld	hl,#(_levelMap + 0x0155)
   083C 36 00               890 	ld	(hl),#0x00
   083E 21rA6r01            891 	ld	hl,#(_levelMap + 0x0156)
   0841 36 00               892 	ld	(hl),#0x00
   0843 21rA7r01            893 	ld	hl,#(_levelMap + 0x0157)
   0846 36 00               894 	ld	(hl),#0x00
   0848 21rA8r01            895 	ld	hl,#(_levelMap + 0x0158)
   084B 36 00               896 	ld	(hl),#0x00
   084D 21rA9r01            897 	ld	hl,#(_levelMap + 0x0159)
   0850 36 00               898 	ld	(hl),#0x00
   0852 21rAAr01            899 	ld	hl,#(_levelMap + 0x015a)
   0855 36 00               900 	ld	(hl),#0x00
   0857 21rABr01            901 	ld	hl,#(_levelMap + 0x015b)
   085A 36 00               902 	ld	(hl),#0x00
   085C 21rACr01            903 	ld	hl,#(_levelMap + 0x015c)
   085F 36 00               904 	ld	(hl),#0x00
   0861 21rADr01            905 	ld	hl,#(_levelMap + 0x015d)
   0864 36 00               906 	ld	(hl),#0x00
   0866 21rAEr01            907 	ld	hl,#(_levelMap + 0x015e)
   0869 36 00               908 	ld	(hl),#0x00
   086B 21rAFr01            909 	ld	hl,#(_levelMap + 0x015f)
   086E 36 00               910 	ld	(hl),#0x00
   0870 21rB0r01            911 	ld	hl,#(_levelMap + 0x0160)
   0873 36 00               912 	ld	(hl),#0x00
   0875 21rB1r01            913 	ld	hl,#(_levelMap + 0x0161)
   0878 36 00               914 	ld	(hl),#0x00
   087A 21rB2r01            915 	ld	hl,#(_levelMap + 0x0162)
   087D 36 00               916 	ld	(hl),#0x00
   087F 21rB3r01            917 	ld	hl,#(_levelMap + 0x0163)
   0882 36 00               918 	ld	(hl),#0x00
   0884 21rB4r01            919 	ld	hl,#(_levelMap + 0x0164)
   0887 36 00               920 	ld	(hl),#0x00
   0889 21rB5r01            921 	ld	hl,#(_levelMap + 0x0165)
   088C 36 00               922 	ld	(hl),#0x00
   088E 21rB6r01            923 	ld	hl,#(_levelMap + 0x0166)
   0891 36 00               924 	ld	(hl),#0x00
   0893 21rB7r01            925 	ld	hl,#(_levelMap + 0x0167)
   0896 36 00               926 	ld	(hl),#0x00
                            927 ;--------------------------------------------------------
                            928 ; Home
                            929 ;--------------------------------------------------------
                            930 	.area _HOME
                            931 	.area _HOME
                            932 ;--------------------------------------------------------
                            933 ; code
                            934 ;--------------------------------------------------------
                            935 	.area _CODE
                            936 ;main.c:7: void performantDelay(UINT8 numloops){
                            937 ;	---------------------------------
                            938 ; Function performantDelay
                            939 ; ---------------------------------
   0000                     940 _performantDelay::
                            941 ;main.c:10: for(i=0;i<numloops;i++){
   0000 0E 00               942 	ld	c,#0x00
   0002                     943 00103$:
   0002 79                  944 	ld	a,c
   0003 F8 02               945 	ldhl	sp,#2
   0005 96                  946 	sub	a, (hl)
   0006 D0                  947 	ret	NC
                            948 ;main.c:11: wait_vbl_done();
   0007 C5                  949 	push	bc
   0008 CDr00r00            950 	call	_wait_vbl_done
   000B C1                  951 	pop	bc
                            952 ;main.c:10: for(i=0;i<numloops;i++){
   000C 0C                  953 	inc	c
   000D 18 F3               954 	jr	00103$
   000F C9                  955 	ret
                            956 ;main.c:16: void main(){
                            957 ;	---------------------------------
                            958 ; Function main
                            959 ; ---------------------------------
   0010                     960 _main::
                            961 ;main.c:18: set_bkg_data(0, 3, levelTile);
   0010 21r20r00            962 	ld	hl,#_levelTile
   0013 E5                  963 	push	hl
   0014 21 00 03            964 	ld	hl,#0x0300
   0017 E5                  965 	push	hl
   0018 CDr00r00            966 	call	_set_bkg_data
   001B E8 04               967 	add	sp, #4
                            968 ;main.c:19: set_bkg_tiles(0, 0, 20, 18, levelMap);
   001D 21r50r00            969 	ld	hl,#_levelMap
   0020 E5                  970 	push	hl
   0021 21 14 12            971 	ld	hl,#0x1214
   0024 E5                  972 	push	hl
   0025 21 00 00            973 	ld	hl,#0x0000
   0028 E5                  974 	push	hl
   0029 CDr00r00            975 	call	_set_bkg_tiles
   002C E8 06               976 	add	sp, #6
                            977 ;main.c:21: set_sprite_data(0, 2, playerSprite);
   002E 21r00r00            978 	ld	hl,#_playerSprite
   0031 E5                  979 	push	hl
   0032 21 00 02            980 	ld	hl,#0x0200
   0035 E5                  981 	push	hl
   0036 CDr00r00            982 	call	_set_sprite_data
   0039 E8 04               983 	add	sp, #4
                            984 ;main.c:23: set_sprite_tile(0, 1);
   003B 21 00 01            985 	ld	hl,#0x0100
   003E E5                  986 	push	hl
   003F CDr00r00            987 	call	_set_sprite_tile
   0042 E8 02               988 	add	sp, #2
                            989 ;main.c:25: move_sprite(0, 8, 16);
   0044 21 08 10            990 	ld	hl,#0x1008
   0047 E5                  991 	push	hl
   0048 AF                  992 	xor	a, a
   0049 F5                  993 	push	af
   004A 33                  994 	inc	sp
   004B CDr00r00            995 	call	_move_sprite
   004E E8 03               996 	add	sp, #3
                            997 ;main.c:27: set_sprite_prop(0, S_FLIPY);
   0050 21 00 40            998 	ld	hl,#0x4000
   0053 E5                  999 	push	hl
   0054 CDr00r00           1000 	call	_set_sprite_prop
   0057 E8 02              1001 	add	sp, #2
                           1002 ;main.c:29: SHOW_SPRITES;
   0059 11 40 FF           1003 	ld	de,#0xff40
   005C 1A                 1004 	ld	a,(de)
   005D 4F                 1005 	ld	c,a
   005E 06 00              1006 	ld	b,#0x00
   0060 79                 1007 	ld	a,c
   0061 CB CF              1008 	set	1, a
   0063 4F                 1009 	ld	c,a
   0064 21 40 FF           1010 	ld	hl,#0xff40
   0067 71                 1011 	ld	(hl),c
                           1012 ;main.c:30: SHOW_BKG;
   0068 11 40 FF           1013 	ld	de,#0xff40
   006B 1A                 1014 	ld	a,(de)
   006C 4F                 1015 	ld	c,a
   006D 06 00              1016 	ld	b,#0x00
   006F 79                 1017 	ld	a,c
   0070 CB C7              1018 	set	0, a
   0072 4F                 1019 	ld	c,a
   0073 2E 40              1020 	ld	l, #0x40
   0075 71                 1021 	ld	(hl),c
                           1022 ;main.c:32: performantDelay(1);
   0076 3E 01              1023 	ld	a,#0x01
   0078 F5                 1024 	push	af
   0079 33                 1025 	inc	sp
   007A CDr00r00           1026 	call	_performantDelay
   007D 33                 1027 	inc	sp
   007E C9                 1028 	ret
                           1029 	.area _CODE
                           1030 	.area _CABS (ABS)
