                              1 ;--------------------------------------------------------
                              2 ; File Created by SDCC : free open source ANSI-C Compiler
                              3 ; Version 3.6.0 #9615 (Linux)
                              4 ;--------------------------------------------------------
                              5 	.module main
                              6 	.optsdcc -mgbz80
                              7 	
                              8 ;--------------------------------------------------------
                              9 ; Public variables in this module
                             10 ;--------------------------------------------------------
                             11 	.globl _main
                             12 	.globl _jump
                             13 	.globl _wouldHitSurf
                             14 	.globl _setupBallSprite01
                             15 	.globl _moveGameCharacter
                             16 	.globl _gameBallAnimSquashed
                             17 	.globl _gameBallStaticRest
                             18 	.globl _gameBallStaticStretched
                             19 	.globl _gameBallAnimRollLoop
                             20 	.globl _performantDelay
                             21 	.globl _move_sprite
                             22 	.globl _set_sprite_tile
                             23 	.globl _set_sprite_data
                             24 	.globl _wait_vbl_done
                             25 	.globl _joypad
                             26 	.globl _printf
                             27 	.globl _ballSprite01
                             28 	.globl _timer
                             29 	.globl _possibleYSurface
                             30 	.globl _floorYPosition
                             31 	.globl _currentSpeedY
                             32 	.globl _gravity
                             33 	.globl _jumping
                             34 	.globl _keyPressed_RIGHT
                             35 	.globl _keyPressed_A
                             36 	.globl _ballSprite
                             37 ;--------------------------------------------------------
                             38 ; ram data
                             39 ;--------------------------------------------------------
                             40 	.area _DATA
   0000                      41 _ballSprite::
   0000                      42 	.ds 240
   00F0                      43 _keyPressed_A::
   00F0                      44 	.ds 1
   00F1                      45 _keyPressed_RIGHT::
   00F1                      46 	.ds 1
   00F2                      47 _jumping::
   00F2                      48 	.ds 1
   00F3                      49 _gravity::
   00F3                      50 	.ds 1
   00F4                      51 _currentSpeedY::
   00F4                      52 	.ds 1
   00F5                      53 _floorYPosition::
   00F5                      54 	.ds 1
   00F6                      55 _possibleYSurface::
   00F6                      56 	.ds 1
   00F7                      57 _timer::
   00F7                      58 	.ds 1
   00F8                      59 _ballSprite01::
   00F8                      60 	.ds 8
                             61 ;--------------------------------------------------------
                             62 ; absolute external ram data
                             63 ;--------------------------------------------------------
                             64 	.area _DABS (ABS)
                             65 ;--------------------------------------------------------
                             66 ; global & static initialisations
                             67 ;--------------------------------------------------------
                             68 	.area _HOME
                             69 	.area _GSINIT
                             70 	.area _GSFINAL
                             71 	.area _GSINIT
                             72 ;ballSprite.c:26: unsigned char ballSprite[] =
   0000 21r00r00             73 	ld	hl,#_ballSprite
   0003 36 00                74 	ld	(hl),#0x00
   0005 21r01r00             75 	ld	hl,#(_ballSprite + 0x0001)
   0008 36 00                76 	ld	(hl),#0x00
   000A 21r02r00             77 	ld	hl,#(_ballSprite + 0x0002)
   000D 36 00                78 	ld	(hl),#0x00
   000F 21r03r00             79 	ld	hl,#(_ballSprite + 0x0003)
   0012 36 00                80 	ld	(hl),#0x00
   0014 21r04r00             81 	ld	hl,#(_ballSprite + 0x0004)
   0017 36 00                82 	ld	(hl),#0x00
   0019 21r05r00             83 	ld	hl,#(_ballSprite + 0x0005)
   001C 36 00                84 	ld	(hl),#0x00
   001E 21r06r00             85 	ld	hl,#(_ballSprite + 0x0006)
   0021 36 00                86 	ld	(hl),#0x00
   0023 21r07r00             87 	ld	hl,#(_ballSprite + 0x0007)
   0026 36 00                88 	ld	(hl),#0x00
   0028 21r08r00             89 	ld	hl,#(_ballSprite + 0x0008)
   002B 36 00                90 	ld	(hl),#0x00
   002D 21r09r00             91 	ld	hl,#(_ballSprite + 0x0009)
   0030 36 00                92 	ld	(hl),#0x00
   0032 21r0Ar00             93 	ld	hl,#(_ballSprite + 0x000a)
   0035 36 00                94 	ld	(hl),#0x00
   0037 21r0Br00             95 	ld	hl,#(_ballSprite + 0x000b)
   003A 36 00                96 	ld	(hl),#0x00
   003C 21r0Cr00             97 	ld	hl,#(_ballSprite + 0x000c)
   003F 36 00                98 	ld	(hl),#0x00
   0041 21r0Dr00             99 	ld	hl,#(_ballSprite + 0x000d)
   0044 36 00               100 	ld	(hl),#0x00
   0046 21r0Er00            101 	ld	hl,#(_ballSprite + 0x000e)
   0049 36 00               102 	ld	(hl),#0x00
   004B 21r0Fr00            103 	ld	hl,#(_ballSprite + 0x000f)
   004E 36 00               104 	ld	(hl),#0x00
   0050 21r10r00            105 	ld	hl,#(_ballSprite + 0x0010)
   0053 36 00               106 	ld	(hl),#0x00
   0055 21r11r00            107 	ld	hl,#(_ballSprite + 0x0011)
   0058 36 00               108 	ld	(hl),#0x00
   005A 21r12r00            109 	ld	hl,#(_ballSprite + 0x0012)
   005D 36 00               110 	ld	(hl),#0x00
   005F 21r13r00            111 	ld	hl,#(_ballSprite + 0x0013)
   0062 36 00               112 	ld	(hl),#0x00
   0064 21r14r00            113 	ld	hl,#(_ballSprite + 0x0014)
   0067 36 00               114 	ld	(hl),#0x00
   0069 21r15r00            115 	ld	hl,#(_ballSprite + 0x0015)
   006C 36 00               116 	ld	(hl),#0x00
   006E 21r16r00            117 	ld	hl,#(_ballSprite + 0x0016)
   0071 36 00               118 	ld	(hl),#0x00
   0073 21r17r00            119 	ld	hl,#(_ballSprite + 0x0017)
   0076 36 00               120 	ld	(hl),#0x00
   0078 21r18r00            121 	ld	hl,#(_ballSprite + 0x0018)
   007B 36 07               122 	ld	(hl),#0x07
   007D 21r19r00            123 	ld	hl,#(_ballSprite + 0x0019)
   0080 36 07               124 	ld	(hl),#0x07
   0082 21r1Ar00            125 	ld	hl,#(_ballSprite + 0x001a)
   0085 36 08               126 	ld	(hl),#0x08
   0087 21r1Br00            127 	ld	hl,#(_ballSprite + 0x001b)
   008A 36 0F               128 	ld	(hl),#0x0f
   008C 21r1Cr00            129 	ld	hl,#(_ballSprite + 0x001c)
   008F 36 16               130 	ld	(hl),#0x16
   0091 21r1Dr00            131 	ld	hl,#(_ballSprite + 0x001d)
   0094 36 19               132 	ld	(hl),#0x19
   0096 21r1Er00            133 	ld	hl,#(_ballSprite + 0x001e)
   0099 36 26               134 	ld	(hl),#0x26
   009B 21r1Fr00            135 	ld	hl,#(_ballSprite + 0x001f)
   009E 36 39               136 	ld	(hl),#0x39
   00A0 21r20r00            137 	ld	hl,#(_ballSprite + 0x0020)
   00A3 36 00               138 	ld	(hl),#0x00
   00A5 21r21r00            139 	ld	hl,#(_ballSprite + 0x0021)
   00A8 36 00               140 	ld	(hl),#0x00
   00AA 21r22r00            141 	ld	hl,#(_ballSprite + 0x0022)
   00AD 36 00               142 	ld	(hl),#0x00
   00AF 21r23r00            143 	ld	hl,#(_ballSprite + 0x0023)
   00B2 36 00               144 	ld	(hl),#0x00
   00B4 21r24r00            145 	ld	hl,#(_ballSprite + 0x0024)
   00B7 36 00               146 	ld	(hl),#0x00
   00B9 21r25r00            147 	ld	hl,#(_ballSprite + 0x0025)
   00BC 36 00               148 	ld	(hl),#0x00
   00BE 21r26r00            149 	ld	hl,#(_ballSprite + 0x0026)
   00C1 36 00               150 	ld	(hl),#0x00
   00C3 21r27r00            151 	ld	hl,#(_ballSprite + 0x0027)
   00C6 36 00               152 	ld	(hl),#0x00
   00C8 21r28r00            153 	ld	hl,#(_ballSprite + 0x0028)
   00CB 36 E0               154 	ld	(hl),#0xe0
   00CD 21r29r00            155 	ld	hl,#(_ballSprite + 0x0029)
   00D0 36 E0               156 	ld	(hl),#0xe0
   00D2 21r2Ar00            157 	ld	hl,#(_ballSprite + 0x002a)
   00D5 36 10               158 	ld	(hl),#0x10
   00D7 21r2Br00            159 	ld	hl,#(_ballSprite + 0x002b)
   00DA 36 F0               160 	ld	(hl),#0xf0
   00DC 21r2Cr00            161 	ld	hl,#(_ballSprite + 0x002c)
   00DF 36 08               162 	ld	(hl),#0x08
   00E1 21r2Dr00            163 	ld	hl,#(_ballSprite + 0x002d)
   00E4 36 F8               164 	ld	(hl),#0xf8
   00E6 21r2Er00            165 	ld	hl,#(_ballSprite + 0x002e)
   00E9 36 04               166 	ld	(hl),#0x04
   00EB 21r2Fr00            167 	ld	hl,#(_ballSprite + 0x002f)
   00EE 36 FC               168 	ld	(hl),#0xfc
   00F0 21r30r00            169 	ld	hl,#(_ballSprite + 0x0030)
   00F3 36 20               170 	ld	(hl),#0x20
   00F5 21r31r00            171 	ld	hl,#(_ballSprite + 0x0031)
   00F8 36 3F               172 	ld	(hl),#0x3f
   00FA 21r32r00            173 	ld	hl,#(_ballSprite + 0x0032)
   00FD 36 20               174 	ld	(hl),#0x20
   00FF 21r33r00            175 	ld	hl,#(_ballSprite + 0x0033)
   0102 36 3F               176 	ld	(hl),#0x3f
   0104 21r34r00            177 	ld	hl,#(_ballSprite + 0x0034)
   0107 36 20               178 	ld	(hl),#0x20
   0109 21r35r00            179 	ld	hl,#(_ballSprite + 0x0035)
   010C 36 3F               180 	ld	(hl),#0x3f
   010E 21r36r00            181 	ld	hl,#(_ballSprite + 0x0036)
   0111 36 20               182 	ld	(hl),#0x20
   0113 21r37r00            183 	ld	hl,#(_ballSprite + 0x0037)
   0116 36 3F               184 	ld	(hl),#0x3f
   0118 21r38r00            185 	ld	hl,#(_ballSprite + 0x0038)
   011B 36 20               186 	ld	(hl),#0x20
   011D 21r39r00            187 	ld	hl,#(_ballSprite + 0x0039)
   0120 36 3F               188 	ld	(hl),#0x3f
   0122 21r3Ar00            189 	ld	hl,#(_ballSprite + 0x003a)
   0125 36 10               190 	ld	(hl),#0x10
   0127 21r3Br00            191 	ld	hl,#(_ballSprite + 0x003b)
   012A 36 1F               192 	ld	(hl),#0x1f
   012C 21r3Cr00            193 	ld	hl,#(_ballSprite + 0x003c)
   012F 36 08               194 	ld	(hl),#0x08
   0131 21r3Dr00            195 	ld	hl,#(_ballSprite + 0x003d)
   0134 36 0F               196 	ld	(hl),#0x0f
   0136 21r3Er00            197 	ld	hl,#(_ballSprite + 0x003e)
   0139 36 07               198 	ld	(hl),#0x07
   013B 21r3Fr00            199 	ld	hl,#(_ballSprite + 0x003f)
   013E 36 07               200 	ld	(hl),#0x07
   0140 21r40r00            201 	ld	hl,#(_ballSprite + 0x0040)
   0143 36 04               202 	ld	(hl),#0x04
   0145 21r41r00            203 	ld	hl,#(_ballSprite + 0x0041)
   0148 36 FC               204 	ld	(hl),#0xfc
   014A 21r42r00            205 	ld	hl,#(_ballSprite + 0x0042)
   014D 36 04               206 	ld	(hl),#0x04
   014F 21r43r00            207 	ld	hl,#(_ballSprite + 0x0043)
   0152 36 FC               208 	ld	(hl),#0xfc
   0154 21r44r00            209 	ld	hl,#(_ballSprite + 0x0044)
   0157 36 04               210 	ld	(hl),#0x04
   0159 21r45r00            211 	ld	hl,#(_ballSprite + 0x0045)
   015C 36 FC               212 	ld	(hl),#0xfc
   015E 21r46r00            213 	ld	hl,#(_ballSprite + 0x0046)
   0161 36 04               214 	ld	(hl),#0x04
   0163 21r47r00            215 	ld	hl,#(_ballSprite + 0x0047)
   0166 36 FC               216 	ld	(hl),#0xfc
   0168 21r48r00            217 	ld	hl,#(_ballSprite + 0x0048)
   016B 36 04               218 	ld	(hl),#0x04
   016D 21r49r00            219 	ld	hl,#(_ballSprite + 0x0049)
   0170 36 FC               220 	ld	(hl),#0xfc
   0172 21r4Ar00            221 	ld	hl,#(_ballSprite + 0x004a)
   0175 36 08               222 	ld	(hl),#0x08
   0177 21r4Br00            223 	ld	hl,#(_ballSprite + 0x004b)
   017A 36 F8               224 	ld	(hl),#0xf8
   017C 21r4Cr00            225 	ld	hl,#(_ballSprite + 0x004c)
   017F 36 10               226 	ld	(hl),#0x10
   0181 21r4Dr00            227 	ld	hl,#(_ballSprite + 0x004d)
   0184 36 F0               228 	ld	(hl),#0xf0
   0186 21r4Er00            229 	ld	hl,#(_ballSprite + 0x004e)
   0189 36 E0               230 	ld	(hl),#0xe0
   018B 21r4Fr00            231 	ld	hl,#(_ballSprite + 0x004f)
   018E 36 E0               232 	ld	(hl),#0xe0
   0190 21r50r00            233 	ld	hl,#(_ballSprite + 0x0050)
   0193 36 00               234 	ld	(hl),#0x00
   0195 21r51r00            235 	ld	hl,#(_ballSprite + 0x0051)
   0198 36 00               236 	ld	(hl),#0x00
   019A 21r52r00            237 	ld	hl,#(_ballSprite + 0x0052)
   019D 36 00               238 	ld	(hl),#0x00
   019F 21r53r00            239 	ld	hl,#(_ballSprite + 0x0053)
   01A2 36 00               240 	ld	(hl),#0x00
   01A4 21r54r00            241 	ld	hl,#(_ballSprite + 0x0054)
   01A7 36 00               242 	ld	(hl),#0x00
   01A9 21r55r00            243 	ld	hl,#(_ballSprite + 0x0055)
   01AC 36 00               244 	ld	(hl),#0x00
   01AE 21r56r00            245 	ld	hl,#(_ballSprite + 0x0056)
   01B1 36 00               246 	ld	(hl),#0x00
   01B3 21r57r00            247 	ld	hl,#(_ballSprite + 0x0057)
   01B6 36 00               248 	ld	(hl),#0x00
   01B8 21r58r00            249 	ld	hl,#(_ballSprite + 0x0058)
   01BB 36 07               250 	ld	(hl),#0x07
   01BD 21r59r00            251 	ld	hl,#(_ballSprite + 0x0059)
   01C0 36 07               252 	ld	(hl),#0x07
   01C2 21r5Ar00            253 	ld	hl,#(_ballSprite + 0x005a)
   01C5 36 08               254 	ld	(hl),#0x08
   01C7 21r5Br00            255 	ld	hl,#(_ballSprite + 0x005b)
   01CA 36 0F               256 	ld	(hl),#0x0f
   01CC 21r5Cr00            257 	ld	hl,#(_ballSprite + 0x005c)
   01CF 36 11               258 	ld	(hl),#0x11
   01D1 21r5Dr00            259 	ld	hl,#(_ballSprite + 0x005d)
   01D4 36 1E               260 	ld	(hl),#0x1e
   01D6 21r5Er00            261 	ld	hl,#(_ballSprite + 0x005e)
   01D9 36 21               262 	ld	(hl),#0x21
   01DB 21r5Fr00            263 	ld	hl,#(_ballSprite + 0x005f)
   01DE 36 3E               264 	ld	(hl),#0x3e
   01E0 21r60r00            265 	ld	hl,#(_ballSprite + 0x0060)
   01E3 36 00               266 	ld	(hl),#0x00
   01E5 21r61r00            267 	ld	hl,#(_ballSprite + 0x0061)
   01E8 36 00               268 	ld	(hl),#0x00
   01EA 21r62r00            269 	ld	hl,#(_ballSprite + 0x0062)
   01ED 36 00               270 	ld	(hl),#0x00
   01EF 21r63r00            271 	ld	hl,#(_ballSprite + 0x0063)
   01F2 36 00               272 	ld	(hl),#0x00
   01F4 21r64r00            273 	ld	hl,#(_ballSprite + 0x0064)
   01F7 36 00               274 	ld	(hl),#0x00
   01F9 21r65r00            275 	ld	hl,#(_ballSprite + 0x0065)
   01FC 36 00               276 	ld	(hl),#0x00
   01FE 21r66r00            277 	ld	hl,#(_ballSprite + 0x0066)
   0201 36 00               278 	ld	(hl),#0x00
   0203 21r67r00            279 	ld	hl,#(_ballSprite + 0x0067)
   0206 36 00               280 	ld	(hl),#0x00
   0208 21r68r00            281 	ld	hl,#(_ballSprite + 0x0068)
   020B 36 E0               282 	ld	(hl),#0xe0
   020D 21r69r00            283 	ld	hl,#(_ballSprite + 0x0069)
   0210 36 E0               284 	ld	(hl),#0xe0
   0212 21r6Ar00            285 	ld	hl,#(_ballSprite + 0x006a)
   0215 36 90               286 	ld	(hl),#0x90
   0217 21r6Br00            287 	ld	hl,#(_ballSprite + 0x006b)
   021A 36 70               288 	ld	(hl),#0x70
   021C 21r6Cr00            289 	ld	hl,#(_ballSprite + 0x006c)
   021F 36 88               290 	ld	(hl),#0x88
   0221 21r6Dr00            291 	ld	hl,#(_ballSprite + 0x006d)
   0224 36 78               292 	ld	(hl),#0x78
   0226 21r6Er00            293 	ld	hl,#(_ballSprite + 0x006e)
   0229 36 04               294 	ld	(hl),#0x04
   022B 21r6Fr00            295 	ld	hl,#(_ballSprite + 0x006f)
   022E 36 FC               296 	ld	(hl),#0xfc
   0230 21r70r00            297 	ld	hl,#(_ballSprite + 0x0070)
   0233 36 20               298 	ld	(hl),#0x20
   0235 21r71r00            299 	ld	hl,#(_ballSprite + 0x0071)
   0238 36 3F               300 	ld	(hl),#0x3f
   023A 21r72r00            301 	ld	hl,#(_ballSprite + 0x0072)
   023D 36 20               302 	ld	(hl),#0x20
   023F 21r73r00            303 	ld	hl,#(_ballSprite + 0x0073)
   0242 36 3F               304 	ld	(hl),#0x3f
   0244 21r74r00            305 	ld	hl,#(_ballSprite + 0x0074)
   0247 36 20               306 	ld	(hl),#0x20
   0249 21r75r00            307 	ld	hl,#(_ballSprite + 0x0075)
   024C 36 3F               308 	ld	(hl),#0x3f
   024E 21r76r00            309 	ld	hl,#(_ballSprite + 0x0076)
   0251 36 20               310 	ld	(hl),#0x20
   0253 21r77r00            311 	ld	hl,#(_ballSprite + 0x0077)
   0256 36 3F               312 	ld	(hl),#0x3f
   0258 21r78r00            313 	ld	hl,#(_ballSprite + 0x0078)
   025B 36 20               314 	ld	(hl),#0x20
   025D 21r79r00            315 	ld	hl,#(_ballSprite + 0x0079)
   0260 36 3F               316 	ld	(hl),#0x3f
   0262 21r7Ar00            317 	ld	hl,#(_ballSprite + 0x007a)
   0265 36 10               318 	ld	(hl),#0x10
   0267 21r7Br00            319 	ld	hl,#(_ballSprite + 0x007b)
   026A 36 1F               320 	ld	(hl),#0x1f
   026C 21r7Cr00            321 	ld	hl,#(_ballSprite + 0x007c)
   026F 36 08               322 	ld	(hl),#0x08
   0271 21r7Dr00            323 	ld	hl,#(_ballSprite + 0x007d)
   0274 36 0F               324 	ld	(hl),#0x0f
   0276 21r7Er00            325 	ld	hl,#(_ballSprite + 0x007e)
   0279 36 07               326 	ld	(hl),#0x07
   027B 21r7Fr00            327 	ld	hl,#(_ballSprite + 0x007f)
   027E 36 07               328 	ld	(hl),#0x07
   0280 21r80r00            329 	ld	hl,#(_ballSprite + 0x0080)
   0283 36 04               330 	ld	(hl),#0x04
   0285 21r81r00            331 	ld	hl,#(_ballSprite + 0x0081)
   0288 36 FC               332 	ld	(hl),#0xfc
   028A 21r82r00            333 	ld	hl,#(_ballSprite + 0x0082)
   028D 36 04               334 	ld	(hl),#0x04
   028F 21r83r00            335 	ld	hl,#(_ballSprite + 0x0083)
   0292 36 FC               336 	ld	(hl),#0xfc
   0294 21r84r00            337 	ld	hl,#(_ballSprite + 0x0084)
   0297 36 04               338 	ld	(hl),#0x04
   0299 21r85r00            339 	ld	hl,#(_ballSprite + 0x0085)
   029C 36 FC               340 	ld	(hl),#0xfc
   029E 21r86r00            341 	ld	hl,#(_ballSprite + 0x0086)
   02A1 36 04               342 	ld	(hl),#0x04
   02A3 21r87r00            343 	ld	hl,#(_ballSprite + 0x0087)
   02A6 36 FC               344 	ld	(hl),#0xfc
   02A8 21r88r00            345 	ld	hl,#(_ballSprite + 0x0088)
   02AB 36 04               346 	ld	(hl),#0x04
   02AD 21r89r00            347 	ld	hl,#(_ballSprite + 0x0089)
   02B0 36 FC               348 	ld	(hl),#0xfc
   02B2 21r8Ar00            349 	ld	hl,#(_ballSprite + 0x008a)
   02B5 36 08               350 	ld	(hl),#0x08
   02B7 21r8Br00            351 	ld	hl,#(_ballSprite + 0x008b)
   02BA 36 F8               352 	ld	(hl),#0xf8
   02BC 21r8Cr00            353 	ld	hl,#(_ballSprite + 0x008c)
   02BF 36 10               354 	ld	(hl),#0x10
   02C1 21r8Dr00            355 	ld	hl,#(_ballSprite + 0x008d)
   02C4 36 F0               356 	ld	(hl),#0xf0
   02C6 21r8Er00            357 	ld	hl,#(_ballSprite + 0x008e)
   02C9 36 E0               358 	ld	(hl),#0xe0
   02CB 21r8Fr00            359 	ld	hl,#(_ballSprite + 0x008f)
   02CE 36 E0               360 	ld	(hl),#0xe0
   02D0 21r90r00            361 	ld	hl,#(_ballSprite + 0x0090)
   02D3 36 00               362 	ld	(hl),#0x00
   02D5 21r91r00            363 	ld	hl,#(_ballSprite + 0x0091)
   02D8 36 00               364 	ld	(hl),#0x00
   02DA 21r92r00            365 	ld	hl,#(_ballSprite + 0x0092)
   02DD 36 01               366 	ld	(hl),#0x01
   02DF 21r93r00            367 	ld	hl,#(_ballSprite + 0x0093)
   02E2 36 01               368 	ld	(hl),#0x01
   02E4 21r94r00            369 	ld	hl,#(_ballSprite + 0x0094)
   02E7 36 02               370 	ld	(hl),#0x02
   02E9 21r95r00            371 	ld	hl,#(_ballSprite + 0x0095)
   02EC 36 03               372 	ld	(hl),#0x03
   02EE 21r96r00            373 	ld	hl,#(_ballSprite + 0x0096)
   02F1 36 05               374 	ld	(hl),#0x05
   02F3 21r97r00            375 	ld	hl,#(_ballSprite + 0x0097)
   02F6 36 06               376 	ld	(hl),#0x06
   02F8 21r98r00            377 	ld	hl,#(_ballSprite + 0x0098)
   02FB 36 07               378 	ld	(hl),#0x07
   02FD 21r99r00            379 	ld	hl,#(_ballSprite + 0x0099)
   0300 36 04               380 	ld	(hl),#0x04
   0302 21r9Ar00            381 	ld	hl,#(_ballSprite + 0x009a)
   0305 36 08               382 	ld	(hl),#0x08
   0307 21r9Br00            383 	ld	hl,#(_ballSprite + 0x009b)
   030A 36 0F               384 	ld	(hl),#0x0f
   030C 21r9Cr00            385 	ld	hl,#(_ballSprite + 0x009c)
   030F 36 08               386 	ld	(hl),#0x08
   0311 21r9Dr00            387 	ld	hl,#(_ballSprite + 0x009d)
   0314 36 0F               388 	ld	(hl),#0x0f
   0316 21r9Er00            389 	ld	hl,#(_ballSprite + 0x009e)
   0319 36 08               390 	ld	(hl),#0x08
   031B 21r9Fr00            391 	ld	hl,#(_ballSprite + 0x009f)
   031E 36 0F               392 	ld	(hl),#0x0f
   0320 21rA0r00            393 	ld	hl,#(_ballSprite + 0x00a0)
   0323 36 00               394 	ld	(hl),#0x00
   0325 21rA1r00            395 	ld	hl,#(_ballSprite + 0x00a1)
   0328 36 00               396 	ld	(hl),#0x00
   032A 21rA2r00            397 	ld	hl,#(_ballSprite + 0x00a2)
   032D 36 80               398 	ld	(hl),#0x80
   032F 21rA3r00            399 	ld	hl,#(_ballSprite + 0x00a3)
   0332 36 80               400 	ld	(hl),#0x80
   0334 21rA4r00            401 	ld	hl,#(_ballSprite + 0x00a4)
   0337 36 40               402 	ld	(hl),#0x40
   0339 21rA5r00            403 	ld	hl,#(_ballSprite + 0x00a5)
   033C 36 C0               404 	ld	(hl),#0xc0
   033E 21rA6r00            405 	ld	hl,#(_ballSprite + 0x00a6)
   0341 36 20               406 	ld	(hl),#0x20
   0343 21rA7r00            407 	ld	hl,#(_ballSprite + 0x00a7)
   0346 36 E0               408 	ld	(hl),#0xe0
   0348 21rA8r00            409 	ld	hl,#(_ballSprite + 0x00a8)
   034B 36 20               410 	ld	(hl),#0x20
   034D 21rA9r00            411 	ld	hl,#(_ballSprite + 0x00a9)
   0350 36 E0               412 	ld	(hl),#0xe0
   0352 21rAAr00            413 	ld	hl,#(_ballSprite + 0x00aa)
   0355 36 10               414 	ld	(hl),#0x10
   0357 21rABr00            415 	ld	hl,#(_ballSprite + 0x00ab)
   035A 36 F0               416 	ld	(hl),#0xf0
   035C 21rACr00            417 	ld	hl,#(_ballSprite + 0x00ac)
   035F 36 10               418 	ld	(hl),#0x10
   0361 21rADr00            419 	ld	hl,#(_ballSprite + 0x00ad)
   0364 36 F0               420 	ld	(hl),#0xf0
   0366 21rAEr00            421 	ld	hl,#(_ballSprite + 0x00ae)
   0369 36 10               422 	ld	(hl),#0x10
   036B 21rAFr00            423 	ld	hl,#(_ballSprite + 0x00af)
   036E 36 F0               424 	ld	(hl),#0xf0
   0370 21rB0r00            425 	ld	hl,#(_ballSprite + 0x00b0)
   0373 36 08               426 	ld	(hl),#0x08
   0375 21rB1r00            427 	ld	hl,#(_ballSprite + 0x00b1)
   0378 36 0F               428 	ld	(hl),#0x0f
   037A 21rB2r00            429 	ld	hl,#(_ballSprite + 0x00b2)
   037D 36 08               430 	ld	(hl),#0x08
   037F 21rB3r00            431 	ld	hl,#(_ballSprite + 0x00b3)
   0382 36 0F               432 	ld	(hl),#0x0f
   0384 21rB4r00            433 	ld	hl,#(_ballSprite + 0x00b4)
   0387 36 08               434 	ld	(hl),#0x08
   0389 21rB5r00            435 	ld	hl,#(_ballSprite + 0x00b5)
   038C 36 0F               436 	ld	(hl),#0x0f
   038E 21rB6r00            437 	ld	hl,#(_ballSprite + 0x00b6)
   0391 36 08               438 	ld	(hl),#0x08
   0393 21rB7r00            439 	ld	hl,#(_ballSprite + 0x00b7)
   0396 36 0F               440 	ld	(hl),#0x0f
   0398 21rB8r00            441 	ld	hl,#(_ballSprite + 0x00b8)
   039B 36 04               442 	ld	(hl),#0x04
   039D 21rB9r00            443 	ld	hl,#(_ballSprite + 0x00b9)
   03A0 36 07               444 	ld	(hl),#0x07
   03A2 21rBAr00            445 	ld	hl,#(_ballSprite + 0x00ba)
   03A5 36 04               446 	ld	(hl),#0x04
   03A7 21rBBr00            447 	ld	hl,#(_ballSprite + 0x00bb)
   03AA 36 07               448 	ld	(hl),#0x07
   03AC 21rBCr00            449 	ld	hl,#(_ballSprite + 0x00bc)
   03AF 36 02               450 	ld	(hl),#0x02
   03B1 21rBDr00            451 	ld	hl,#(_ballSprite + 0x00bd)
   03B4 36 03               452 	ld	(hl),#0x03
   03B6 21rBEr00            453 	ld	hl,#(_ballSprite + 0x00be)
   03B9 36 01               454 	ld	(hl),#0x01
   03BB 21rBFr00            455 	ld	hl,#(_ballSprite + 0x00bf)
   03BE 36 01               456 	ld	(hl),#0x01
   03C0 21rC0r00            457 	ld	hl,#(_ballSprite + 0x00c0)
   03C3 36 10               458 	ld	(hl),#0x10
   03C5 21rC1r00            459 	ld	hl,#(_ballSprite + 0x00c1)
   03C8 36 F0               460 	ld	(hl),#0xf0
   03CA 21rC2r00            461 	ld	hl,#(_ballSprite + 0x00c2)
   03CD 36 10               462 	ld	(hl),#0x10
   03CF 21rC3r00            463 	ld	hl,#(_ballSprite + 0x00c3)
   03D2 36 F0               464 	ld	(hl),#0xf0
   03D4 21rC4r00            465 	ld	hl,#(_ballSprite + 0x00c4)
   03D7 36 10               466 	ld	(hl),#0x10
   03D9 21rC5r00            467 	ld	hl,#(_ballSprite + 0x00c5)
   03DC 36 F0               468 	ld	(hl),#0xf0
   03DE 21rC6r00            469 	ld	hl,#(_ballSprite + 0x00c6)
   03E1 36 10               470 	ld	(hl),#0x10
   03E3 21rC7r00            471 	ld	hl,#(_ballSprite + 0x00c7)
   03E6 36 F0               472 	ld	(hl),#0xf0
   03E8 21rC8r00            473 	ld	hl,#(_ballSprite + 0x00c8)
   03EB 36 20               474 	ld	(hl),#0x20
   03ED 21rC9r00            475 	ld	hl,#(_ballSprite + 0x00c9)
   03F0 36 E0               476 	ld	(hl),#0xe0
   03F2 21rCAr00            477 	ld	hl,#(_ballSprite + 0x00ca)
   03F5 36 20               478 	ld	(hl),#0x20
   03F7 21rCBr00            479 	ld	hl,#(_ballSprite + 0x00cb)
   03FA 36 E0               480 	ld	(hl),#0xe0
   03FC 21rCCr00            481 	ld	hl,#(_ballSprite + 0x00cc)
   03FF 36 40               482 	ld	(hl),#0x40
   0401 21rCDr00            483 	ld	hl,#(_ballSprite + 0x00cd)
   0404 36 C0               484 	ld	(hl),#0xc0
   0406 21rCEr00            485 	ld	hl,#(_ballSprite + 0x00ce)
   0409 36 80               486 	ld	(hl),#0x80
   040B 21rCFr00            487 	ld	hl,#(_ballSprite + 0x00cf)
   040E 36 80               488 	ld	(hl),#0x80
   0410 21rD0r00            489 	ld	hl,#(_ballSprite + 0x00d0)
   0413 36 03               490 	ld	(hl),#0x03
   0415 21rD1r00            491 	ld	hl,#(_ballSprite + 0x00d1)
   0418 36 03               492 	ld	(hl),#0x03
   041A 21rD2r00            493 	ld	hl,#(_ballSprite + 0x00d2)
   041D 36 0C               494 	ld	(hl),#0x0c
   041F 21rD3r00            495 	ld	hl,#(_ballSprite + 0x00d3)
   0422 36 0F               496 	ld	(hl),#0x0f
   0424 21rD4r00            497 	ld	hl,#(_ballSprite + 0x00d4)
   0427 36 36               498 	ld	(hl),#0x36
   0429 21rD5r00            499 	ld	hl,#(_ballSprite + 0x00d5)
   042C 36 39               500 	ld	(hl),#0x39
   042E 21rD6r00            501 	ld	hl,#(_ballSprite + 0x00d6)
   0431 36 4E               502 	ld	(hl),#0x4e
   0433 21rD7r00            503 	ld	hl,#(_ballSprite + 0x00d7)
   0436 36 71               504 	ld	(hl),#0x71
   0438 21rD8r00            505 	ld	hl,#(_ballSprite + 0x00d8)
   043B 36 80               506 	ld	(hl),#0x80
   043D 21rD9r00            507 	ld	hl,#(_ballSprite + 0x00d9)
   0440 36 FF               508 	ld	(hl),#0xff
   0442 21rDAr00            509 	ld	hl,#(_ballSprite + 0x00da)
   0445 36 80               510 	ld	(hl),#0x80
   0447 21rDBr00            511 	ld	hl,#(_ballSprite + 0x00db)
   044A 36 FF               512 	ld	(hl),#0xff
   044C 21rDCr00            513 	ld	hl,#(_ballSprite + 0x00dc)
   044F 36 40               514 	ld	(hl),#0x40
   0451 21rDDr00            515 	ld	hl,#(_ballSprite + 0x00dd)
   0454 36 7F               516 	ld	(hl),#0x7f
   0456 21rDEr00            517 	ld	hl,#(_ballSprite + 0x00de)
   0459 36 3F               518 	ld	(hl),#0x3f
   045B 21rDFr00            519 	ld	hl,#(_ballSprite + 0x00df)
   045E 36 3F               520 	ld	(hl),#0x3f
   0460 21rE0r00            521 	ld	hl,#(_ballSprite + 0x00e0)
   0463 36 C0               522 	ld	(hl),#0xc0
   0465 21rE1r00            523 	ld	hl,#(_ballSprite + 0x00e1)
   0468 36 C0               524 	ld	(hl),#0xc0
   046A 21rE2r00            525 	ld	hl,#(_ballSprite + 0x00e2)
   046D 36 30               526 	ld	(hl),#0x30
   046F 21rE3r00            527 	ld	hl,#(_ballSprite + 0x00e3)
   0472 36 F0               528 	ld	(hl),#0xf0
   0474 21rE4r00            529 	ld	hl,#(_ballSprite + 0x00e4)
   0477 36 0C               530 	ld	(hl),#0x0c
   0479 21rE5r00            531 	ld	hl,#(_ballSprite + 0x00e5)
   047C 36 FC               532 	ld	(hl),#0xfc
   047E 21rE6r00            533 	ld	hl,#(_ballSprite + 0x00e6)
   0481 36 02               534 	ld	(hl),#0x02
   0483 21rE7r00            535 	ld	hl,#(_ballSprite + 0x00e7)
   0486 36 FE               536 	ld	(hl),#0xfe
   0488 21rE8r00            537 	ld	hl,#(_ballSprite + 0x00e8)
   048B 36 01               538 	ld	(hl),#0x01
   048D 21rE9r00            539 	ld	hl,#(_ballSprite + 0x00e9)
   0490 36 FF               540 	ld	(hl),#0xff
   0492 21rEAr00            541 	ld	hl,#(_ballSprite + 0x00ea)
   0495 36 01               542 	ld	(hl),#0x01
   0497 21rEBr00            543 	ld	hl,#(_ballSprite + 0x00eb)
   049A 36 FF               544 	ld	(hl),#0xff
   049C 21rECr00            545 	ld	hl,#(_ballSprite + 0x00ec)
   049F 36 02               546 	ld	(hl),#0x02
   04A1 21rEDr00            547 	ld	hl,#(_ballSprite + 0x00ed)
   04A4 36 FE               548 	ld	(hl),#0xfe
   04A6 21rEEr00            549 	ld	hl,#(_ballSprite + 0x00ee)
   04A9 36 FC               550 	ld	(hl),#0xfc
   04AB 21rEFr00            551 	ld	hl,#(_ballSprite + 0x00ef)
   04AE 36 FC               552 	ld	(hl),#0xfc
                            553 ;main.c:9: INT8 gravity = -2;
   04B0 21rF3r00            554 	ld	hl,#_gravity
   04B3 36 FE               555 	ld	(hl),#0xfe
                            556 ;main.c:11: UINT8 floorYPosition = 136;
   04B5 21rF5r00            557 	ld	hl,#_floorYPosition
   04B8 36 88               558 	ld	(hl),#0x88
                            559 ;main.c:13: UINT8 timer = 0;
   04BA 21rF7r00            560 	ld	hl,#_timer
   04BD 36 00               561 	ld	(hl),#0x00
                            562 ;--------------------------------------------------------
                            563 ; Home
                            564 ;--------------------------------------------------------
                            565 	.area _HOME
                            566 	.area _HOME
                            567 ;--------------------------------------------------------
                            568 ; code
                            569 ;--------------------------------------------------------
                            570 	.area _CODE
                            571 ;main.c:17: void performantDelay(UINT8 numloops)
                            572 ;	---------------------------------
                            573 ; Function performantDelay
                            574 ; ---------------------------------
   0000                     575 _performantDelay::
                            576 ;main.c:20: for(i=0;i < numloops;i++)
   0000 0E 00               577 	ld	c,#0x00
   0002                     578 00103$:
   0002 79                  579 	ld	a,c
   0003 F8 02               580 	ldhl	sp,#2
   0005 96                  581 	sub	a, (hl)
   0006 D0                  582 	ret	NC
                            583 ;main.c:22: wait_vbl_done();
   0007 C5                  584 	push	bc
   0008 CDr00r00            585 	call	_wait_vbl_done
   000B C1                  586 	pop	bc
                            587 ;main.c:20: for(i=0;i < numloops;i++)
   000C 0C                  588 	inc	c
   000D 18 F3               589 	jr	00103$
   000F C9                  590 	ret
                            591 ;main.c:40: void gameBallAnimRollLoop()//looping ball moving animation.(highlight jitters)
                            592 ;	---------------------------------
                            593 ; Function gameBallAnimRollLoop
                            594 ; ---------------------------------
   0010                     595 _gameBallAnimRollLoop::
                            596 ;main.c:42: set_sprite_tile(1, 5);
   0010 21 01 05            597 	ld	hl,#0x0501
   0013 E5                  598 	push	hl
   0014 CDr00r00            599 	call	_set_sprite_tile
   0017 E8 02               600 	add	sp, #2
                            601 ;main.c:43: set_sprite_tile(2, 6);
   0019 21 02 06            602 	ld	hl,#0x0602
   001C E5                  603 	push	hl
   001D CDr00r00            604 	call	_set_sprite_tile
   0020 E8 02               605 	add	sp, #2
                            606 ;main.c:44: set_sprite_tile(3, 7);
   0022 21 03 07            607 	ld	hl,#0x0703
   0025 E5                  608 	push	hl
   0026 CDr00r00            609 	call	_set_sprite_tile
   0029 E8 02               610 	add	sp, #2
                            611 ;main.c:45: set_sprite_tile(4, 8);
   002B 21 04 08            612 	ld	hl,#0x0804
   002E E5                  613 	push	hl
   002F CDr00r00            614 	call	_set_sprite_tile
   0032 E8 02               615 	add	sp, #2
   0034 C9                  616 	ret
                            617 ;main.c:48: void gameBallStaticStretched()//static ball stretch
                            618 ;	---------------------------------
                            619 ; Function gameBallStaticStretched
                            620 ; ---------------------------------
   0035                     621 _gameBallStaticStretched::
                            622 ;main.c:50: set_sprite_tile(1, 9);
   0035 21 01 09            623 	ld	hl,#0x0901
   0038 E5                  624 	push	hl
   0039 CDr00r00            625 	call	_set_sprite_tile
   003C E8 02               626 	add	sp, #2
                            627 ;main.c:51: set_sprite_tile(2, 10);
   003E 21 02 0A            628 	ld	hl,#0x0a02
   0041 E5                  629 	push	hl
   0042 CDr00r00            630 	call	_set_sprite_tile
   0045 E8 02               631 	add	sp, #2
                            632 ;main.c:52: set_sprite_tile(3, 11);
   0047 21 03 0B            633 	ld	hl,#0x0b03
   004A E5                  634 	push	hl
   004B CDr00r00            635 	call	_set_sprite_tile
   004E E8 02               636 	add	sp, #2
                            637 ;main.c:53: set_sprite_tile(4, 12);
   0050 21 04 0C            638 	ld	hl,#0x0c04
   0053 E5                  639 	push	hl
   0054 CDr00r00            640 	call	_set_sprite_tile
   0057 E8 02               641 	add	sp, #2
   0059 C9                  642 	ret
                            643 ;main.c:56: void gameBallStaticRest()//static ball rest
                            644 ;	---------------------------------
                            645 ; Function gameBallStaticRest
                            646 ; ---------------------------------
   005A                     647 _gameBallStaticRest::
                            648 ;main.c:58: set_sprite_tile(1, 1);
   005A 21 01 01            649 	ld	hl,#0x0101
   005D E5                  650 	push	hl
   005E CDr00r00            651 	call	_set_sprite_tile
   0061 E8 02               652 	add	sp, #2
                            653 ;main.c:59: set_sprite_tile(2, 2);
   0063 21 02 02            654 	ld	hl,#0x0202
   0066 E5                  655 	push	hl
   0067 CDr00r00            656 	call	_set_sprite_tile
   006A E8 02               657 	add	sp, #2
                            658 ;main.c:60: set_sprite_tile(3, 3);
   006C 21 03 03            659 	ld	hl,#0x0303
   006F E5                  660 	push	hl
   0070 CDr00r00            661 	call	_set_sprite_tile
   0073 E8 02               662 	add	sp, #2
                            663 ;main.c:61: set_sprite_tile(4, 4);
   0075 21 04 04            664 	ld	hl,#0x0404
   0078 E5                  665 	push	hl
   0079 CDr00r00            666 	call	_set_sprite_tile
   007C E8 02               667 	add	sp, #2
   007E C9                  668 	ret
                            669 ;main.c:63: void gameBallAnimSquashed(UINT8 numloops)//static ball squashed
                            670 ;	---------------------------------
                            671 ; Function gameBallAnimSquashed
                            672 ; ---------------------------------
   007F                     673 _gameBallAnimSquashed::
   007F 3B                  674 	dec	sp
                            675 ;main.c:66: for(i=0;i < numloops;i++)
   0080 F8 00               676 	ldhl	sp,#0
   0082 36 00               677 	ld	(hl),#0x00
   0084                     678 00103$:
   0084 F8 00               679 	ldhl	sp,#0
   0086 7E                  680 	ld	a,(hl)
   0087 F8 03               681 	ldhl	sp,#3
   0089 96                  682 	sub	a, (hl)
   008A 30 29               683 	jr	NC,00101$
                            684 ;main.c:68: set_sprite_tile(1, 0);
   008C 21 01 00            685 	ld	hl,#0x0001
   008F E5                  686 	push	hl
   0090 CDr00r00            687 	call	_set_sprite_tile
   0093 E8 02               688 	add	sp, #2
                            689 ;main.c:69: set_sprite_tile(2, 0);
   0095 21 02 00            690 	ld	hl,#0x0002
   0098 E5                  691 	push	hl
   0099 CDr00r00            692 	call	_set_sprite_tile
   009C E8 02               693 	add	sp, #2
                            694 ;main.c:70: set_sprite_tile(3, 13);
   009E 21 03 0D            695 	ld	hl,#0x0d03
   00A1 E5                  696 	push	hl
   00A2 CDr00r00            697 	call	_set_sprite_tile
   00A5 E8 02               698 	add	sp, #2
                            699 ;main.c:71: set_sprite_tile(4, 14);
   00A7 21 04 0E            700 	ld	hl,#0x0e04
   00AA E5                  701 	push	hl
   00AB CDr00r00            702 	call	_set_sprite_tile
   00AE E8 02               703 	add	sp, #2
                            704 ;main.c:66: for(i=0;i < numloops;i++)
   00B0 F8 00               705 	ldhl	sp,#0
   00B2 34                  706 	inc	(hl)
   00B3 18 CF               707 	jr	00103$
   00B5                     708 00101$:
                            709 ;main.c:74: gameBallStaticRest();
   00B5 CDr5Ar00            710 	call	_gameBallStaticRest
   00B8 33                  711 	inc	sp
   00B9 C9                  712 	ret
                            713 ;main.c:78: void moveGameCharacter(struct gameCharacter *character, UINT8 x, UINT8 y)
                            714 ;	---------------------------------
                            715 ; Function moveGameCharacter
                            716 ; ---------------------------------
   00BA                     717 _moveGameCharacter::
   00BA E8 FC               718 	add	sp, #-4
                            719 ;main.c:80: move_sprite(character->spriteId[0],x, y);
   00BC F8 06               720 	ldhl	sp,#6
   00BE 2A                  721 	ld	a,(hl+)
   00BF 5E                  722 	ld	e, (hl)
   00C0 F8 02               723 	ldhl	sp,#2
   00C2 22                  724 	ld	(hl+),a
   00C3 73                  725 	ld	(hl),e
   00C4 2B                  726 	dec	hl
   00C5 5E                  727 	ld	e,(hl)
   00C6 23                  728 	inc	hl
   00C7 56                  729 	ld	d,(hl)
   00C8 1A                  730 	ld	a,(de)
   00C9 47                  731 	ld	b,a
   00CA F8 09               732 	ldhl	sp,#9
   00CC 7E                  733 	ld	a,(hl)
   00CD F5                  734 	push	af
   00CE 33                  735 	inc	sp
   00CF 2B                  736 	dec	hl
   00D0 7E                  737 	ld	a,(hl)
   00D1 F5                  738 	push	af
   00D2 33                  739 	inc	sp
   00D3 C5                  740 	push	bc
   00D4 33                  741 	inc	sp
   00D5 CDr00r00            742 	call	_move_sprite
   00D8 E8 03               743 	add	sp, #3
                            744 ;main.c:81: move_sprite(character->spriteId[1],x + 8, y);
   00DA F8 08               745 	ldhl	sp,#8
   00DC 7E                  746 	ld	a,(hl)
   00DD C6 08               747 	add	a, #0x08
   00DF F8 01               748 	ldhl	sp,#1
   00E1 22                  749 	ld	(hl+),a
   00E2 4E                  750 	ld	c,(hl)
   00E3 23                  751 	inc	hl
   00E4 46                  752 	ld	b,(hl)
   00E5 03                  753 	inc	bc
   00E6 0A                  754 	ld	a,(bc)
   00E7 47                  755 	ld	b,a
   00E8 F8 09               756 	ldhl	sp,#9
   00EA 7E                  757 	ld	a,(hl)
   00EB F5                  758 	push	af
   00EC 33                  759 	inc	sp
   00ED F8 02               760 	ldhl	sp,#2
   00EF 7E                  761 	ld	a,(hl)
   00F0 F5                  762 	push	af
   00F1 33                  763 	inc	sp
   00F2 C5                  764 	push	bc
   00F3 33                  765 	inc	sp
   00F4 CDr00r00            766 	call	_move_sprite
   00F7 E8 03               767 	add	sp, #3
                            768 ;main.c:82: move_sprite(character->spriteId[2],x, y + 8);
   00F9 F8 09               769 	ldhl	sp,#9
   00FB 7E                  770 	ld	a,(hl)
   00FC C6 08               771 	add	a, #0x08
   00FE F8 00               772 	ldhl	sp,#0
   0100 77                  773 	ld	(hl),a
   0101 F8 02               774 	ldhl	sp,#(3 - 1)
   0103 4E                  775 	ld	c,(hl)
   0104 23                  776 	inc	hl
   0105 46                  777 	ld	b,(hl)
   0106 03                  778 	inc	bc
   0107 03                  779 	inc	bc
   0108 0A                  780 	ld	a,(bc)
   0109 47                  781 	ld	b,a
   010A F8 00               782 	ldhl	sp,#0
   010C 7E                  783 	ld	a,(hl)
   010D F5                  784 	push	af
   010E 33                  785 	inc	sp
   010F F8 09               786 	ldhl	sp,#9
   0111 7E                  787 	ld	a,(hl)
   0112 F5                  788 	push	af
   0113 33                  789 	inc	sp
   0114 C5                  790 	push	bc
   0115 33                  791 	inc	sp
   0116 CDr00r00            792 	call	_move_sprite
   0119 E8 03               793 	add	sp, #3
                            794 ;main.c:83: move_sprite(character->spriteId[3],x + 8, y + 8);
   011B F8 02               795 	ldhl	sp,#(3 - 1)
   011D 4E                  796 	ld	c,(hl)
   011E 23                  797 	inc	hl
   011F 46                  798 	ld	b,(hl)
   0120 03                  799 	inc	bc
   0121 03                  800 	inc	bc
   0122 03                  801 	inc	bc
   0123 0A                  802 	ld	a,(bc)
   0124 47                  803 	ld	b,a
   0125 F8 00               804 	ldhl	sp,#0
   0127 7E                  805 	ld	a,(hl)
   0128 F5                  806 	push	af
   0129 33                  807 	inc	sp
   012A 23                  808 	inc	hl
   012B 7E                  809 	ld	a,(hl)
   012C F5                  810 	push	af
   012D 33                  811 	inc	sp
   012E C5                  812 	push	bc
   012F 33                  813 	inc	sp
   0130 CDr00r00            814 	call	_move_sprite
   0133 E8 03               815 	add	sp, #3
   0135 E8 04               816 	add	sp, #4
   0137 C9                  817 	ret
                            818 ;main.c:87: void setupBallSprite01()
                            819 ;	---------------------------------
                            820 ; Function setupBallSprite01
                            821 ; ---------------------------------
   0138                     822 _setupBallSprite01::
                            823 ;main.c:89: set_sprite_data(0, 15, ballSprite);
   0138 21r00r00            824 	ld	hl,#_ballSprite
   013B E5                  825 	push	hl
   013C 21 00 0F            826 	ld	hl,#0x0f00
   013F E5                  827 	push	hl
   0140 CDr00r00            828 	call	_set_sprite_data
   0143 E8 04               829 	add	sp, #4
                            830 ;main.c:91: ballSprite01.x=16;
   0145 21rFCr00            831 	ld	hl,#(_ballSprite01 + 0x0004)
   0148 36 10               832 	ld	(hl),#0x10
                            833 ;main.c:92: ballSprite01.y = floorYPosition;
   014A 11rFDr00            834 	ld	de,#(_ballSprite01 + 0x0005)
   014D 21rF5r00            835 	ld	hl,#_floorYPosition
   0150 7E                  836 	ld	a,(hl)
   0151 12                  837 	ld	(de),a
                            838 ;main.c:93: ballSprite01.width=16;
   0152 21rFEr00            839 	ld	hl,#(_ballSprite01 + 0x0006)
   0155 36 10               840 	ld	(hl),#0x10
                            841 ;main.c:94: ballSprite01.height=16;
   0157 21rFFr00            842 	ld	hl,#(_ballSprite01 + 0x0007)
   015A 36 10               843 	ld	(hl),#0x10
                            844 ;main.c:96: set_sprite_tile(1,1);
   015C 21 01 01            845 	ld	hl,#0x0101
   015F E5                  846 	push	hl
   0160 CDr00r00            847 	call	_set_sprite_tile
   0163 E8 02               848 	add	sp, #2
                            849 ;main.c:97: ballSprite01.spriteId[0]=1;
   0165 21rF8r00            850 	ld	hl,#_ballSprite01
   0168 36 01               851 	ld	(hl),#0x01
                            852 ;main.c:98: set_sprite_tile(2,2);
   016A 21 02 02            853 	ld	hl,#0x0202
   016D E5                  854 	push	hl
   016E CDr00r00            855 	call	_set_sprite_tile
   0171 E8 02               856 	add	sp, #2
                            857 ;main.c:99: ballSprite01.spriteId[1]=2;
   0173 21rF9r00            858 	ld	hl,#(_ballSprite01 + 0x0001)
   0176 36 02               859 	ld	(hl),#0x02
                            860 ;main.c:100: set_sprite_tile(3,3);
   0178 21 03 03            861 	ld	hl,#0x0303
   017B E5                  862 	push	hl
   017C CDr00r00            863 	call	_set_sprite_tile
   017F E8 02               864 	add	sp, #2
                            865 ;main.c:101: ballSprite01.spriteId[2]=3;
   0181 21rFAr00            866 	ld	hl,#(_ballSprite01 + 0x0002)
   0184 36 03               867 	ld	(hl),#0x03
                            868 ;main.c:102: set_sprite_tile(4,4);
   0186 21 04 04            869 	ld	hl,#0x0404
   0189 E5                  870 	push	hl
   018A CDr00r00            871 	call	_set_sprite_tile
   018D E8 02               872 	add	sp, #2
                            873 ;main.c:103: ballSprite01.spriteId[3]=4;
   018F 21rFBr00            874 	ld	hl,#(_ballSprite01 + 0x0003)
   0192 36 04               875 	ld	(hl),#0x04
                            876 ;main.c:105: moveGameCharacter(&ballSprite01,ballSprite01.x,ballSprite01.y);
   0194 11rFDr00            877 	ld	de, #(_ballSprite01 + 0x0005) + 0
   0197 1A                  878 	ld	a,(de)
   0198 47                  879 	ld	b,a
   0199 11rFCr00            880 	ld	de, #(_ballSprite01 + 0x0004) + 0
   019C 1A                  881 	ld	a,(de)
   019D 4F                  882 	ld	c,a
   019E C5                  883 	push	bc
   019F 33                  884 	inc	sp
   01A0 79                  885 	ld	a,c
   01A1 F5                  886 	push	af
   01A2 33                  887 	inc	sp
   01A3 21rF8r00            888 	ld	hl,#_ballSprite01
   01A6 E5                  889 	push	hl
   01A7 CDrBAr00            890 	call	_moveGameCharacter
   01AA E8 04               891 	add	sp, #4
   01AC C9                  892 	ret
                            893 ;main.c:108: INT8 wouldHitSurf(UINT8 projectedYPosition)
                            894 ;	---------------------------------
                            895 ; Function wouldHitSurf
                            896 ; ---------------------------------
   01AD                     897 _wouldHitSurf::
                            898 ;main.c:110: if(projectedYPosition >= floorYPosition){
   01AD F8 02               899 	ldhl	sp,#2
   01AF 7E                  900 	ld	a,(hl)
   01B0 21rF5r00            901 	ld	hl,#_floorYPosition
   01B3 96                  902 	sub	a, (hl)
   01B4 38 02               903 	jr	C,00102$
                            904 ;main.c:111: return floorYPosition;
   01B6 5E                  905 	ld	e,(hl)
   01B7 C9                  906 	ret
   01B8                     907 00102$:
                            908 ;main.c:113: return -1;
   01B8 1E FF               909 	ld	e,#0xff
   01BA C9                  910 	ret
                            911 ;main.c:117: void jump()
                            912 ;	---------------------------------
                            913 ; Function jump
                            914 ; ---------------------------------
   01BB                     915 _jump::
                            916 ;main.c:119: if(jumping == 0)
   01BB 21rF2r00            917 	ld	hl,#_jumping
   01BE 7E                  918 	ld	a,(hl)
   01BF B7                  919 	or	a, a
   01C0 20 07               920 	jr	NZ,00102$
                            921 ;main.c:121: jumping = 1;
   01C2 36 01               922 	ld	(hl),#0x01
                            923 ;main.c:122: currentSpeedY = 10;
   01C4 21rF4r00            924 	ld	hl,#_currentSpeedY
   01C7 36 0A               925 	ld	(hl),#0x0a
   01C9                     926 00102$:
                            927 ;main.c:124: currentSpeedY = currentSpeedY + gravity;
   01C9 21rF4r00            928 	ld	hl,#_currentSpeedY
   01CC 4E                  929 	ld	c,(hl)
   01CD 79                  930 	ld	a,c
   01CE 21rF3r00            931 	ld	hl,#_gravity
   01D1 86                  932 	add	a, (hl)
   01D2 21rF4r00            933 	ld	hl,#_currentSpeedY
   01D5 77                  934 	ld	(hl),a
                            935 ;main.c:126: ballSprite01.y -= currentSpeedY;
   01D6 11rFDr00            936 	ld	de, #(_ballSprite01 + 0x0005) + 0
   01D9 1A                  937 	ld	a,(de)
   01DA 4F                  938 	ld	c,a
   01DB 96                  939 	sub	a, (hl)
   01DC 47                  940 	ld	b,a
   01DD 21rFDr00            941 	ld	hl,#(_ballSprite01 + 0x0005)
   01E0 70                  942 	ld	(hl),b
                            943 ;main.c:128: possibleYSurface = wouldHitSurf(ballSprite01.y);
   01E1 C5                  944 	push	bc
   01E2 33                  945 	inc	sp
   01E3 CDrADr01            946 	call	_wouldHitSurf
   01E6 33                  947 	inc	sp
   01E7 21rF6r00            948 	ld	hl,#_possibleYSurface
   01EA 73                  949 	ld	(hl),e
                            950 ;main.c:134: moveGameCharacter(&ballSprite01,ballSprite01.x, possibleYSurface);
   01EB 01rFCr00            951 	ld	bc,#_ballSprite01 + 4
   01EE 0A                  952 	ld	a,(bc)
   01EF 47                  953 	ld	b,a
                            954 ;main.c:131: if(possibleYSurface == floorYPosition)
   01F0 7E                  955 	ld	a,(hl)
   01F1 21rF5r00            956 	ld	hl,#_floorYPosition
   01F4 96                  957 	sub	a, (hl)
   01F5 20 17               958 	jr	NZ,00104$
                            959 ;main.c:133: jumping = 0;
   01F7 21rF2r00            960 	ld	hl,#_jumping
   01FA 36 00               961 	ld	(hl),#0x00
                            962 ;main.c:134: moveGameCharacter(&ballSprite01,ballSprite01.x, possibleYSurface);
   01FC 21rF6r00            963 	ld	hl,#_possibleYSurface
   01FF 7E                  964 	ld	a,(hl)
   0200 F5                  965 	push	af
   0201 33                  966 	inc	sp
   0202 C5                  967 	push	bc
   0203 33                  968 	inc	sp
   0204 21rF8r00            969 	ld	hl,#_ballSprite01
   0207 E5                  970 	push	hl
   0208 CDrBAr00            971 	call	_moveGameCharacter
   020B E8 04               972 	add	sp, #4
   020D C9                  973 	ret
   020E                     974 00104$:
                            975 ;main.c:139: moveGameCharacter(&ballSprite01,ballSprite01.x,ballSprite01.y);
   020E 11rFDr00            976 	ld	de, #(_ballSprite01 + 0x0005) + 0
   0211 1A                  977 	ld	a,(de)
   0212 4F                  978 	ld	c,a
   0213 F5                  979 	push	af
   0214 33                  980 	inc	sp
   0215 C5                  981 	push	bc
   0216 33                  982 	inc	sp
   0217 21rF8r00            983 	ld	hl,#_ballSprite01
   021A E5                  984 	push	hl
   021B CDrBAr00            985 	call	_moveGameCharacter
   021E E8 04               986 	add	sp, #4
   0220 C9                  987 	ret
                            988 ;main.c:142: void main()
                            989 ;	---------------------------------
                            990 ; Function main
                            991 ; ---------------------------------
   0221                     992 _main::
                            993 ;main.c:145: setupBallSprite01();
   0221 CDr38r01            994 	call	_setupBallSprite01
                            995 ;main.c:148: jumping = 0;
   0224 21rF2r00            996 	ld	hl,#_jumping
   0227 36 00               997 	ld	(hl),#0x00
                            998 ;main.c:150: keyPressed_A = 1;
   0229 21rF0r00            999 	ld	hl,#_keyPressed_A
   022C 36 01              1000 	ld	(hl),#0x01
                           1001 ;main.c:153: DISPLAY_ON;
   022E 11 40 FF           1002 	ld	de,#0xff40
   0231 1A                 1003 	ld	a,(de)
   0232 4F                 1004 	ld	c,a
   0233 06 00              1005 	ld	b,#0x00
   0235 79                 1006 	ld	a,c
   0236 CB FF              1007 	set	7, a
   0238 4F                 1008 	ld	c,a
   0239 21 40 FF           1009 	ld	hl,#0xff40
   023C 71                 1010 	ld	(hl),c
                           1011 ;main.c:154: SHOW_SPRITES;
   023D 11 40 FF           1012 	ld	de,#0xff40
   0240 1A                 1013 	ld	a,(de)
   0241 4F                 1014 	ld	c,a
   0242 06 00              1015 	ld	b,#0x00
   0244 79                 1016 	ld	a,c
   0245 CB CF              1017 	set	1, a
   0247 4F                 1018 	ld	c,a
   0248 2E 40              1019 	ld	l, #0x40
   024A 71                 1020 	ld	(hl),c
                           1021 ;main.c:156: while(1)
   024B                    1022 00119$:
                           1023 ;main.c:158: printf("%d", joypad());
   024B CDr00r00           1024 	call	_joypad
   024E 16 00              1025 	ld	d,#0x00
   0250 D5                 1026 	push	de
   0251 21rF1r02           1027 	ld	hl,#___str_0
   0254 E5                 1028 	push	hl
   0255 CDr00r00           1029 	call	_printf
   0258 E8 04              1030 	add	sp, #4
                           1031 ;main.c:160: if((joypad() & J_A || jumping == 1) && keyPressed_A == 1)
   025A CDr00r00           1032 	call	_joypad
   025D 0E 00              1033 	ld	c,#0x00
   025F CB 63              1034 	bit	4, e
   0261 20 07              1035 	jr	NZ,00109$
   0263 21rF2r00           1036 	ld	hl,#_jumping
   0266 7E                 1037 	ld	a,(hl)
   0267 3D                 1038 	dec	a
   0268 20 23              1039 	jr	NZ,00106$
   026A                    1040 00109$:
   026A 21rF0r00           1041 	ld	hl,#_keyPressed_A
   026D 7E                 1042 	ld	a,(hl)
   026E 3D                 1043 	dec	a
   026F 20 1C              1044 	jr	NZ,00106$
                           1045 ;main.c:162: jump();	
   0271 CDrBBr01           1046 	call	_jump
                           1047 ;main.c:163: gameBallStaticStretched();
   0274 CDr35r00           1048 	call	_gameBallStaticStretched
                           1049 ;main.c:164: if(jumping == 0)
   0277 21rF2r00           1050 	ld	hl,#_jumping
   027A 7E                 1051 	ld	a,(hl)
   027B B7                 1052 	or	a, a
   027C 20 1C              1053 	jr	NZ,00107$
                           1054 ;main.c:166: gameBallAnimSquashed(500);
   027E 3E F4              1055 	ld	a,#0xf4
   0280 F5                 1056 	push	af
   0281 33                 1057 	inc	sp
   0282 CDr7Fr00           1058 	call	_gameBallAnimSquashed
   0285 33                 1059 	inc	sp
                           1060 ;main.c:167: keyPressed_A = 0;
   0286 21rF0r00           1061 	ld	hl,#_keyPressed_A
   0289 36 00              1062 	ld	(hl),#0x00
   028B 18 0D              1063 	jr	00107$
   028D                    1064 00106$:
                           1065 ;main.c:171: else if(joypad() != J_A)
   028D CDr00r00           1066 	call	_joypad
   0290 7B                 1067 	ld	a,e
   0291 D6 10              1068 	sub	a, #0x10
   0293 28 05              1069 	jr	Z,00107$
                           1070 ;main.c:173: keyPressed_A = 1;
   0295 21rF0r00           1071 	ld	hl,#_keyPressed_A
   0298 36 01              1072 	ld	(hl),#0x01
   029A                    1073 00107$:
                           1074 ;main.c:178: if((joypad() & J_RIGHT) && keyPressed_RIGHT == 1)
   029A CDr00r00           1075 	call	_joypad
   029D 0E 00              1076 	ld	c,#0x00
   029F CB 43              1077 	bit	0, e
   02A1 CArDAr02           1078 	jp	Z,00115$
   02A4 21rF1r00           1079 	ld	hl,#_keyPressed_RIGHT
   02A7 7E                 1080 	ld	a,(hl)
   02A8 3D                 1081 	dec	a
   02A9 20 2F              1082 	jr	NZ,00115$
                           1083 ;main.c:181: ballSprite01.x += 3;
   02AB FArFCr00           1084 	ld	a, (#(_ballSprite01 + 0x0004) + 0)
   02AE 4F                 1085 	ld	c,a
   02AF 0C                 1086 	inc	c
   02B0 0C                 1087 	inc	c
   02B1 0C                 1088 	inc	c
   02B2 21rFCr00           1089 	ld	hl,#(_ballSprite01 + 0x0004)
   02B5 71                 1090 	ld	(hl),c
                           1091 ;main.c:182: moveGameCharacter(&ballSprite01, ballSprite01.x, ballSprite01.y);
   02B6 11rFDr00           1092 	ld	de, #(_ballSprite01 + 0x0005) + 0
   02B9 1A                 1093 	ld	a,(de)
   02BA 47                 1094 	ld	b,a
   02BB C5                 1095 	push	bc
   02BC 33                 1096 	inc	sp
   02BD 79                 1097 	ld	a,c
   02BE F5                 1098 	push	af
   02BF 33                 1099 	inc	sp
   02C0 21rF8r00           1100 	ld	hl,#_ballSprite01
   02C3 E5                 1101 	push	hl
   02C4 CDrBAr00           1102 	call	_moveGameCharacter
   02C7 E8 04              1103 	add	sp, #4
                           1104 ;main.c:183: gameBallAnimRollLoop();
   02C9 CDr10r00           1105 	call	_gameBallAnimRollLoop
                           1106 ;main.c:184: if(jumping == 0)
   02CC 21rF2r00           1107 	ld	hl,#_jumping
   02CF 7E                 1108 	ld	a,(hl)
   02D0 B7                 1109 	or	a, a
   02D1 20 12              1110 	jr	NZ,00116$
                           1111 ;main.c:186: keyPressed_A = 1;
   02D3 21rF0r00           1112 	ld	hl,#_keyPressed_A
   02D6 36 01              1113 	ld	(hl),#0x01
   02D8 18 0B              1114 	jr	00116$
   02DA                    1115 00115$:
                           1116 ;main.c:191: else if(joypad() != J_RIGHT)
   02DA CDr00r00           1117 	call	_joypad
   02DD 1D                 1118 	dec	e
   02DE 28 05              1119 	jr	Z,00116$
                           1120 ;main.c:193: keyPressed_RIGHT = 1;
   02E0 21rF1r00           1121 	ld	hl,#_keyPressed_RIGHT
   02E3 36 01              1122 	ld	(hl),#0x01
   02E5                    1123 00116$:
                           1124 ;main.c:196: performantDelay(2);
   02E5 3E 02              1125 	ld	a,#0x02
   02E7 F5                 1126 	push	af
   02E8 33                 1127 	inc	sp
   02E9 CDr00r00           1128 	call	_performantDelay
   02EC 33                 1129 	inc	sp
   02ED C3r4Br02           1130 	jp	00119$
   02F0 C9                 1131 	ret
   02F1                    1132 ___str_0:
   02F1 25 64              1133 	.ascii "%d"
   02F3 00                 1134 	.db 0x00
                           1135 	.area _CODE
                           1136 	.area _CABS (ABS)
